============================= test session starts ==============================
platform darwin -- Python 3.12.4, pytest-9.0.3, pluggy-1.6.0 -- /Users/phudoan/Downloads/hydrovision_mekong_pro/hydrovision/bin/python
cachedir: .pytest_cache
rootdir: /Users/phudoan/Documents/harry/projects/uni_assignments_sem_2/hydrovision
plugins: anyio-4.12.1
collecting ... collected 2769 items

tests/test_analysis_service_free_multi.py::TestAnalysisService::test_ai_cache_persists_to_disk PASSED [  0%]
tests/test_analysis_service_free_multi.py::TestAnalysisService::test_analyse_free_multi_falls_back_when_ai_generation_fails PASSED [  0%]
tests/test_analysis_service_free_multi.py::TestAnalysisService::test_analyse_free_multi_per_graph_stats PASSED [  0%]
tests/test_comparison_service_analysis.py::TestComparisonAnalysis::test_returns_html_fallback_for_correlation_when_ai_disabled PASSED [  0%]
tests/test_comparison_service_analysis.py::TestComparisonAnalysis::test_returns_html_fallback_for_leaderboard_when_ai_disabled PASSED [  0%]
tests/test_comparison_service_analysis.py::TestComparisonAnalysis::test_returns_html_fallback_for_summary_when_ai_disabled PASSED [  0%]
tests/test_data_integrity.py::test_csv_file_exists[mekong-Ban_Chot-root_dir0-schema_info0] PASSED [  0%]
tests/test_data_integrity.py::test_csv_file_exists[mekong-Ban_Don-root_dir1-schema_info1] PASSED [  0%]
tests/test_data_integrity.py::test_csv_file_exists[mekong-Ban_Huai_Khayuong-root_dir2-schema_info2] PASSED [  0%]
tests/test_data_integrity.py::test_csv_file_exists[mekong-Ban_Huai_Yano_Mai-root_dir3-schema_info3] PASSED [  0%]
tests/test_data_integrity.py::test_csv_file_exists[mekong-Ban_Kamphun-root_dir4-schema_info4] PASSED [  0%]
tests/test_data_integrity.py::test_csv_file_exists[mekong-Ban_Kengdone-root_dir5-schema_info5] PASSED [  0%]
tests/test_data_integrity.py::test_csv_file_exists[mekong-Ban_Na_Luang-root_dir6-schema_info6] PASSED [  0%]
tests/test_data_integrity.py::test_csv_file_exists[mekong-Ban_Nong_Kiang-root_dir7-schema_info7] PASSED [  0%]
tests/test_data_integrity.py::test_csv_file_exists[mekong-Ban_Pak_Huai-root_dir8-schema_info8] PASSED [  0%]
tests/test_data_integrity.py::test_csv_file_exists[mekong-Ban_Pak_Kanhoung-root_dir9-schema_info9] PASSED [  0%]
tests/test_data_integrity.py::test_csv_file_exists[mekong-Ban_Tad_Ton-root_dir10-schema_info10] PASSED [  0%]
tests/test_data_integrity.py::test_csv_file_exists[mekong-Ban_Tha_Mai_Liam-root_dir11-schema_info11] PASSED [  0%]
tests/test_data_integrity.py::test_csv_file_exists[mekong-Ban_Tha_Ton-root_dir12-schema_info12] PASSED [  0%]
tests/test_data_integrity.py::test_csv_file_exists[mekong-Batri-root_dir13-schema_info13] PASSED [  0%]
tests/test_data_integrity.py::test_csv_file_exists[mekong-Battambang-root_dir14-schema_info14] PASSED [  0%]
tests/test_data_integrity.py::test_csv_file_exists[mekong-Ben_Luc-root_dir15-schema_info15] PASSED [  0%]
tests/test_data_integrity.py::test_csv_file_exists[mekong-Buon_Ho-root_dir16-schema_info16] PASSED [  0%]
tests/test_data_integrity.py::test_csv_file_exists[mekong-Buon_Me_Thuoc-root_dir17-schema_info17] PASSED [  0%]
tests/test_data_integrity.py::test_csv_file_exists[mekong-Ca_Mau-root_dir18-schema_info18] PASSED [  0%]
tests/test_data_integrity.py::test_csv_file_exists[mekong-Cai_Be-root_dir19-schema_info19] PASSED [  0%]
tests/test_data_integrity.py::test_csv_file_exists[mekong-Cai_Lay-root_dir20-schema_info20] PASSED [  0%]
tests/test_data_integrity.py::test_csv_file_exists[mekong-Can_Tho-root_dir21-schema_info21] PASSED [  1%]
tests/test_data_integrity.py::test_csv_file_exists[mekong-Cau_14_(Buon_Bur)-root_dir22-schema_info22] PASSED [  1%]
tests/test_data_integrity.py::test_csv_file_exists[mekong-Chaktomuk-root_dir23-schema_info23] PASSED [  1%]
tests/test_data_integrity.py::test_csv_file_exists[mekong-Chantangoy-root_dir24-schema_info24] PASSED [  1%]
tests/test_data_integrity.py::test_csv_file_exists[mekong-Chau_Doc-root_dir25-schema_info25] PASSED [  1%]
tests/test_data_integrity.py::test_csv_file_exists[mekong-Chiang_Khan-root_dir26-schema_info26] PASSED [  1%]
tests/test_data_integrity.py::test_csv_file_exists[mekong-Chiang_Saen-root_dir27-schema_info27] PASSED [  1%]
tests/test_data_integrity.py::test_csv_file_exists[mekong-Cho_Lach-root_dir28-schema_info28] PASSED [  1%]
tests/test_data_integrity.py::test_csv_file_exists[mekong-Cho_Moi-root_dir29-schema_info29] PASSED [  1%]
tests/test_data_integrity.py::test_csv_file_exists[mekong-Chroy_Chang_Var-root_dir30-schema_info30] PASSED [  1%]
tests/test_data_integrity.py::test_csv_file_exists[mekong-Dai_Ngai-root_dir31-schema_info31] PASSED [  1%]
tests/test_data_integrity.py::test_csv_file_exists[mekong-Dak_Nong-root_dir32-schema_info32] PASSED [  1%]
tests/test_data_integrity.py::test_csv_file_exists[mekong-Dak_To-root_dir33-schema_info33] PASSED [  1%]
tests/test_data_integrity.py::test_csv_file_exists[mekong-Dinh_An-root_dir34-schema_info34] PASSED [  1%]
tests/test_data_integrity.py::test_csv_file_exists[mekong-Duc_Xuyen-root_dir35-schema_info35] PASSED [  1%]
tests/test_data_integrity.py::test_csv_file_exists[mekong-Giang_Son-root_dir36-schema_info36] PASSED [  1%]
tests/test_data_integrity.py::test_csv_file_exists[mekong-Jinghong-root_dir37-schema_info37] PASSED [  1%]
tests/test_data_integrity.py::test_csv_file_exists[mekong-Khong_Chiam-root_dir38-schema_info38] PASSED [  1%]
tests/test_data_integrity.py::test_csv_file_exists[mekong-Kompong_Cham-root_dir39-schema_info39] PASSED [  1%]
tests/test_data_integrity.py::test_csv_file_exists[mekong-Kontum-root_dir40-schema_info40] PASSED [  1%]
tests/test_data_integrity.py::test_csv_file_exists[mekong-Kratie-root_dir41-schema_info41] PASSED [  1%]
tests/test_data_integrity.py::test_csv_file_exists[mekong-Luang_Prabang-root_dir42-schema_info42] PASSED [  1%]
tests/test_data_integrity.py::test_csv_file_exists[mekong-Lumphat-root_dir43-schema_info43] PASSED [  1%]
tests/test_data_integrity.py::test_csv_file_exists[mekong-Mukdahan-root_dir44-schema_info44] PASSED [  1%]
tests/test_data_integrity.py::test_csv_file_exists[mekong-My_Tho-root_dir45-schema_info45] PASSED [  1%]
tests/test_data_integrity.py::test_csv_file_exists[mekong-My_Thuan-root_dir46-schema_info46] PASSED [  1%]
tests/test_data_integrity.py::test_csv_file_exists[mekong-Nakhon_Phanom-root_dir47-schema_info47] PASSED [  1%]
tests/test_data_integrity.py::test_csv_file_exists[mekong-Nong_Khai-root_dir48-schema_info48] PASSED [  1%]
tests/test_data_integrity.py::test_csv_file_exists[mekong-Pakse-root_dir49-schema_info49] PASSED [  2%]
tests/test_data_integrity.py::test_csv_file_exists[mekong-Phnom_Penh_Port-root_dir50-schema_info50] PASSED [  2%]
tests/test_data_integrity.py::test_csv_file_exists[mekong-Phung_Hiep-root_dir51-schema_info51] PASSED [  2%]
tests/test_data_integrity.py::test_csv_file_exists[mekong-Pleiku-root_dir52-schema_info52] PASSED [  2%]
tests/test_data_integrity.py::test_csv_file_exists[mekong-Stung_Treng-root_dir53-schema_info53] PASSED [  2%]
tests/test_data_integrity.py::test_csv_file_exists[mekong-Tan_Chau-root_dir54-schema_info54] PASSED [  2%]
tests/test_data_integrity.py::test_csv_file_exists[mekong-Tan_Hiep-root_dir55-schema_info55] PASSED [  2%]
tests/test_data_integrity.py::test_csv_file_exists[mekong-Vam_Kenh-root_dir56-schema_info56] PASSED [  2%]
tests/test_data_integrity.py::test_csv_file_exists[mekong-Vam_Nao-root_dir57-schema_info57] PASSED [  2%]
tests/test_data_integrity.py::test_csv_file_exists[mekong-Vi_Thanh-root_dir58-schema_info58] PASSED [  2%]
tests/test_data_integrity.py::test_csv_file_exists[mekong-Vientiane_KM4-root_dir59-schema_info59] PASSED [  2%]
tests/test_data_integrity.py::test_csv_file_exists[mekong-Yasothon-root_dir60-schema_info60] PASSED [  2%]
tests/test_data_integrity.py::test_csv_file_exists[lamah-1-root_dir61-schema_info61] PASSED [  2%]
tests/test_data_integrity.py::test_csv_file_exists[lamah-2-root_dir62-schema_info62] PASSED [  2%]
tests/test_data_integrity.py::test_csv_file_exists[lamah-3-root_dir63-schema_info63] PASSED [  2%]
tests/test_data_integrity.py::test_csv_file_exists[lamah-4-root_dir64-schema_info64] PASSED [  2%]
tests/test_data_integrity.py::test_csv_file_exists[lamah-5-root_dir65-schema_info65] PASSED [  2%]
tests/test_data_integrity.py::test_csv_file_exists[lamah-6-root_dir66-schema_info66] PASSED [  2%]
tests/test_data_integrity.py::test_csv_file_exists[lamah-7-root_dir67-schema_info67] PASSED [  2%]
tests/test_data_integrity.py::test_csv_file_exists[lamah-8-root_dir68-schema_info68] PASSED [  2%]
tests/test_data_integrity.py::test_csv_file_exists[lamah-9-root_dir69-schema_info69] PASSED [  2%]
tests/test_data_integrity.py::test_csv_file_exists[lamah-10-root_dir70-schema_info70] PASSED [  2%]
tests/test_data_integrity.py::test_csv_file_exists[lamah-11-root_dir71-schema_info71] PASSED [  2%]
tests/test_data_integrity.py::test_csv_file_exists[lamah-12-root_dir72-schema_info72] PASSED [  2%]
tests/test_data_integrity.py::test_csv_file_exists[lamah-13-root_dir73-schema_info73] PASSED [  2%]
tests/test_data_integrity.py::test_csv_file_exists[lamah-14-root_dir74-schema_info74] PASSED [  2%]
tests/test_data_integrity.py::test_csv_file_exists[lamah-15-root_dir75-schema_info75] PASSED [  2%]
tests/test_data_integrity.py::test_csv_file_exists[lamah-16-root_dir76-schema_info76] PASSED [  2%]
tests/test_data_integrity.py::test_csv_file_exists[lamah-17-root_dir77-schema_info77] PASSED [  3%]
tests/test_data_integrity.py::test_csv_file_exists[lamah-18-root_dir78-schema_info78] PASSED [  3%]
tests/test_data_integrity.py::test_csv_file_exists[lamah-19-root_dir79-schema_info79] PASSED [  3%]
tests/test_data_integrity.py::test_csv_file_exists[lamah-20-root_dir80-schema_info80] PASSED [  3%]
tests/test_data_integrity.py::test_csv_file_exists[lamah-21-root_dir81-schema_info81] PASSED [  3%]
tests/test_data_integrity.py::test_csv_file_exists[lamah-22-root_dir82-schema_info82] PASSED [  3%]
tests/test_data_integrity.py::test_csv_file_exists[lamah-23-root_dir83-schema_info83] PASSED [  3%]
tests/test_data_integrity.py::test_csv_file_exists[lamah-24-root_dir84-schema_info84] PASSED [  3%]
tests/test_data_integrity.py::test_csv_file_exists[lamah-25-root_dir85-schema_info85] PASSED [  3%]
tests/test_data_integrity.py::test_csv_file_exists[lamah-26-root_dir86-schema_info86] PASSED [  3%]
tests/test_data_integrity.py::test_csv_file_exists[lamah-27-root_dir87-schema_info87] PASSED [  3%]
tests/test_data_integrity.py::test_csv_file_exists[lamah-28-root_dir88-schema_info88] PASSED [  3%]
tests/test_data_integrity.py::test_csv_file_exists[lamah-29-root_dir89-schema_info89] PASSED [  3%]
tests/test_data_integrity.py::test_csv_file_exists[lamah-30-root_dir90-schema_info90] PASSED [  3%]
tests/test_data_integrity.py::test_csv_file_exists[lamah-32-root_dir91-schema_info91] PASSED [  3%]
tests/test_data_integrity.py::test_csv_file_exists[lamah-33-root_dir92-schema_info92] PASSED [  3%]
tests/test_data_integrity.py::test_csv_file_exists[lamah-34-root_dir93-schema_info93] PASSED [  3%]
tests/test_data_integrity.py::test_csv_file_exists[lamah-35-root_dir94-schema_info94] PASSED [  3%]
tests/test_data_integrity.py::test_csv_file_exists[lamah-36-root_dir95-schema_info95] PASSED [  3%]
tests/test_data_integrity.py::test_csv_file_exists[lamah-37-root_dir96-schema_info96] PASSED [  3%]
tests/test_data_integrity.py::test_csv_file_exists[lamah-38-root_dir97-schema_info97] PASSED [  3%]
tests/test_data_integrity.py::test_csv_file_exists[lamah-39-root_dir98-schema_info98] PASSED [  3%]
tests/test_data_integrity.py::test_csv_file_exists[lamah-40-root_dir99-schema_info99] PASSED [  3%]
tests/test_data_integrity.py::test_csv_file_exists[lamah-41-root_dir100-schema_info100] PASSED [  3%]
tests/test_data_integrity.py::test_csv_file_exists[lamah-42-root_dir101-schema_info101] PASSED [  3%]
tests/test_data_integrity.py::test_csv_file_exists[lamah-43-root_dir102-schema_info102] PASSED [  3%]
tests/test_data_integrity.py::test_csv_file_exists[lamah-44-root_dir103-schema_info103] PASSED [  3%]
tests/test_data_integrity.py::test_csv_file_exists[lamah-45-root_dir104-schema_info104] PASSED [  4%]
tests/test_data_integrity.py::test_csv_file_exists[lamah-46-root_dir105-schema_info105] PASSED [  4%]
tests/test_data_integrity.py::test_csv_file_exists[lamah-47-root_dir106-schema_info106] PASSED [  4%]
tests/test_data_integrity.py::test_csv_file_exists[lamah-48-root_dir107-schema_info107] PASSED [  4%]
tests/test_data_integrity.py::test_csv_file_exists[lamah-49-root_dir108-schema_info108] PASSED [  4%]
tests/test_data_integrity.py::test_csv_file_exists[lamah-50-root_dir109-schema_info109] PASSED [  4%]
tests/test_data_integrity.py::test_csv_file_exists[lamah-51-root_dir110-schema_info110] PASSED [  4%]
tests/test_data_integrity.py::test_csv_file_exists[lamah-52-root_dir111-schema_info111] PASSED [  4%]
tests/test_data_integrity.py::test_csv_file_exists[lamah-53-root_dir112-schema_info112] PASSED [  4%]
tests/test_data_integrity.py::test_csv_file_exists[lamah-54-root_dir113-schema_info113] PASSED [  4%]
tests/test_data_integrity.py::test_csv_file_exists[lamah-56-root_dir114-schema_info114] PASSED [  4%]
tests/test_data_integrity.py::test_csv_file_exists[lamah-57-root_dir115-schema_info115] PASSED [  4%]
tests/test_data_integrity.py::test_csv_file_exists[lamah-58-root_dir116-schema_info116] PASSED [  4%]
tests/test_data_integrity.py::test_csv_file_exists[lamah-59-root_dir117-schema_info117] PASSED [  4%]
tests/test_data_integrity.py::test_csv_file_exists[lamah-60-root_dir118-schema_info118] PASSED [  4%]
tests/test_data_integrity.py::test_csv_file_exists[lamah-61-root_dir119-schema_info119] PASSED [  4%]
tests/test_data_integrity.py::test_csv_file_exists[lamah-62-root_dir120-schema_info120] PASSED [  4%]
tests/test_data_integrity.py::test_csv_file_exists[lamah-63-root_dir121-schema_info121] PASSED [  4%]
tests/test_data_integrity.py::test_csv_file_exists[lamah-64-root_dir122-schema_info122] PASSED [  4%]
tests/test_data_integrity.py::test_csv_file_exists[lamah-65-root_dir123-schema_info123] PASSED [  4%]
tests/test_data_integrity.py::test_csv_file_exists[lamah-66-root_dir124-schema_info124] PASSED [  4%]
tests/test_data_integrity.py::test_csv_file_exists[lamah-67-root_dir125-schema_info125] PASSED [  4%]
tests/test_data_integrity.py::test_csv_file_exists[lamah-68-root_dir126-schema_info126] PASSED [  4%]
tests/test_data_integrity.py::test_csv_file_exists[lamah-69-root_dir127-schema_info127] PASSED [  4%]
tests/test_data_integrity.py::test_csv_file_exists[lamah-70-root_dir128-schema_info128] PASSED [  4%]
tests/test_data_integrity.py::test_csv_file_exists[lamah-71-root_dir129-schema_info129] PASSED [  4%]
tests/test_data_integrity.py::test_csv_file_exists[lamah-72-root_dir130-schema_info130] PASSED [  4%]
tests/test_data_integrity.py::test_csv_file_exists[lamah-73-root_dir131-schema_info131] PASSED [  4%]
tests/test_data_integrity.py::test_csv_file_exists[lamah-74-root_dir132-schema_info132] PASSED [  5%]
tests/test_data_integrity.py::test_csv_file_exists[lamah-75-root_dir133-schema_info133] PASSED [  5%]
tests/test_data_integrity.py::test_csv_file_exists[lamah-76-root_dir134-schema_info134] PASSED [  5%]
tests/test_data_integrity.py::test_csv_file_exists[lamah-77-root_dir135-schema_info135] PASSED [  5%]
tests/test_data_integrity.py::test_csv_file_exists[lamah-78-root_dir136-schema_info136] PASSED [  5%]
tests/test_data_integrity.py::test_csv_file_exists[lamah-79-root_dir137-schema_info137] PASSED [  5%]
tests/test_data_integrity.py::test_csv_file_exists[lamah-80-root_dir138-schema_info138] PASSED [  5%]
tests/test_data_integrity.py::test_csv_file_exists[lamah-81-root_dir139-schema_info139] PASSED [  5%]
tests/test_data_integrity.py::test_csv_file_exists[lamah-82-root_dir140-schema_info140] PASSED [  5%]
tests/test_data_integrity.py::test_csv_file_exists[lamah-83-root_dir141-schema_info141] PASSED [  5%]
tests/test_data_integrity.py::test_csv_file_exists[lamah-84-root_dir142-schema_info142] PASSED [  5%]
tests/test_data_integrity.py::test_csv_file_exists[lamah-85-root_dir143-schema_info143] PASSED [  5%]
tests/test_data_integrity.py::test_csv_file_exists[lamah-86-root_dir144-schema_info144] PASSED [  5%]
tests/test_data_integrity.py::test_csv_file_exists[lamah-87-root_dir145-schema_info145] PASSED [  5%]
tests/test_data_integrity.py::test_csv_file_exists[lamah-88-root_dir146-schema_info146] PASSED [  5%]
tests/test_data_integrity.py::test_csv_file_exists[lamah-89-root_dir147-schema_info147] PASSED [  5%]
tests/test_data_integrity.py::test_csv_file_exists[lamah-90-root_dir148-schema_info148] PASSED [  5%]
tests/test_data_integrity.py::test_csv_file_exists[lamah-91-root_dir149-schema_info149] PASSED [  5%]
tests/test_data_integrity.py::test_csv_file_exists[lamah-92-root_dir150-schema_info150] PASSED [  5%]
tests/test_data_integrity.py::test_csv_file_exists[lamah-93-root_dir151-schema_info151] PASSED [  5%]
tests/test_data_integrity.py::test_csv_file_exists[lamah-94-root_dir152-schema_info152] PASSED [  5%]
tests/test_data_integrity.py::test_csv_file_exists[lamah-95-root_dir153-schema_info153] PASSED [  5%]
tests/test_data_integrity.py::test_csv_file_exists[lamah-96-root_dir154-schema_info154] PASSED [  5%]
tests/test_data_integrity.py::test_csv_file_exists[lamah-97-root_dir155-schema_info155] PASSED [  5%]
tests/test_data_integrity.py::test_csv_file_exists[lamah-98-root_dir156-schema_info156] PASSED [  5%]
tests/test_data_integrity.py::test_csv_file_exists[lamah-99-root_dir157-schema_info157] PASSED [  5%]
tests/test_data_integrity.py::test_csv_file_exists[lamah-100-root_dir158-schema_info158] PASSED [  5%]
tests/test_data_integrity.py::test_csv_file_exists[lamah-101-root_dir159-schema_info159] PASSED [  5%]
tests/test_data_integrity.py::test_csv_file_exists[lamah-102-root_dir160-schema_info160] PASSED [  6%]
tests/test_data_integrity.py::test_csv_file_exists[lamah-103-root_dir161-schema_info161] PASSED [  6%]
tests/test_data_integrity.py::test_csv_file_exists[lamah-104-root_dir162-schema_info162] PASSED [  6%]
tests/test_data_integrity.py::test_csv_file_exists[lamah-105-root_dir163-schema_info163] PASSED [  6%]
tests/test_data_integrity.py::test_csv_file_exists[lamah-106-root_dir164-schema_info164] PASSED [  6%]
tests/test_data_integrity.py::test_csv_file_exists[lamah-107-root_dir165-schema_info165] PASSED [  6%]
tests/test_data_integrity.py::test_csv_file_exists[lamah-108-root_dir166-schema_info166] PASSED [  6%]
tests/test_data_integrity.py::test_csv_file_exists[lamah-109-root_dir167-schema_info167] PASSED [  6%]
tests/test_data_integrity.py::test_csv_file_exists[lamah-110-root_dir168-schema_info168] PASSED [  6%]
tests/test_data_integrity.py::test_csv_file_exists[lamah-111-root_dir169-schema_info169] PASSED [  6%]
tests/test_data_integrity.py::test_csv_file_exists[lamah-112-root_dir170-schema_info170] PASSED [  6%]
tests/test_data_integrity.py::test_csv_file_exists[lamah-113-root_dir171-schema_info171] PASSED [  6%]
tests/test_data_integrity.py::test_csv_file_exists[lamah-114-root_dir172-schema_info172] PASSED [  6%]
tests/test_data_integrity.py::test_csv_file_exists[lamah-115-root_dir173-schema_info173] PASSED [  6%]
tests/test_data_integrity.py::test_csv_file_exists[lamah-116-root_dir174-schema_info174] PASSED [  6%]
tests/test_data_integrity.py::test_csv_file_exists[lamah-117-root_dir175-schema_info175] PASSED [  6%]
tests/test_data_integrity.py::test_csv_file_exists[lamah-118-root_dir176-schema_info176] PASSED [  6%]
tests/test_data_integrity.py::test_csv_file_exists[lamah-119-root_dir177-schema_info177] PASSED [  6%]
tests/test_data_integrity.py::test_csv_file_exists[lamah-120-root_dir178-schema_info178] PASSED [  6%]
tests/test_data_integrity.py::test_csv_file_exists[lamah-121-root_dir179-schema_info179] PASSED [  6%]
tests/test_data_integrity.py::test_csv_file_exists[lamah-122-root_dir180-schema_info180] PASSED [  6%]
tests/test_data_integrity.py::test_csv_file_exists[lamah-123-root_dir181-schema_info181] PASSED [  6%]
tests/test_data_integrity.py::test_csv_file_exists[lamah-124-root_dir182-schema_info182] PASSED [  6%]
tests/test_data_integrity.py::test_csv_file_exists[lamah-125-root_dir183-schema_info183] PASSED [  6%]
tests/test_data_integrity.py::test_csv_file_exists[lamah-126-root_dir184-schema_info184] PASSED [  6%]
tests/test_data_integrity.py::test_csv_file_exists[lamah-127-root_dir185-schema_info185] PASSED [  6%]
tests/test_data_integrity.py::test_csv_file_exists[lamah-128-root_dir186-schema_info186] PASSED [  6%]
tests/test_data_integrity.py::test_csv_file_exists[lamah-129-root_dir187-schema_info187] PASSED [  7%]
tests/test_data_integrity.py::test_csv_file_exists[lamah-130-root_dir188-schema_info188] PASSED [  7%]
tests/test_data_integrity.py::test_csv_file_exists[lamah-131-root_dir189-schema_info189] PASSED [  7%]
tests/test_data_integrity.py::test_csv_file_exists[lamah-132-root_dir190-schema_info190] PASSED [  7%]
tests/test_data_integrity.py::test_csv_file_exists[lamah-133-root_dir191-schema_info191] PASSED [  7%]
tests/test_data_integrity.py::test_csv_file_exists[lamah-134-root_dir192-schema_info192] PASSED [  7%]
tests/test_data_integrity.py::test_csv_file_exists[lamah-135-root_dir193-schema_info193] PASSED [  7%]
tests/test_data_integrity.py::test_csv_file_exists[lamah-136-root_dir194-schema_info194] PASSED [  7%]
tests/test_data_integrity.py::test_csv_file_exists[lamah-137-root_dir195-schema_info195] PASSED [  7%]
tests/test_data_integrity.py::test_csv_file_exists[lamah-138-root_dir196-schema_info196] PASSED [  7%]
tests/test_data_integrity.py::test_csv_file_exists[lamah-139-root_dir197-schema_info197] PASSED [  7%]
tests/test_data_integrity.py::test_csv_file_exists[lamah-140-root_dir198-schema_info198] PASSED [  7%]
tests/test_data_integrity.py::test_csv_file_exists[lamah-141-root_dir199-schema_info199] PASSED [  7%]
tests/test_data_integrity.py::test_csv_file_exists[lamah-142-root_dir200-schema_info200] PASSED [  7%]
tests/test_data_integrity.py::test_csv_file_exists[lamah-143-root_dir201-schema_info201] PASSED [  7%]
tests/test_data_integrity.py::test_csv_file_exists[lamah-144-root_dir202-schema_info202] PASSED [  7%]
tests/test_data_integrity.py::test_csv_file_exists[lamah-145-root_dir203-schema_info203] PASSED [  7%]
tests/test_data_integrity.py::test_csv_file_exists[lamah-147-root_dir204-schema_info204] PASSED [  7%]
tests/test_data_integrity.py::test_csv_file_exists[lamah-148-root_dir205-schema_info205] PASSED [  7%]
tests/test_data_integrity.py::test_csv_file_exists[lamah-149-root_dir206-schema_info206] PASSED [  7%]
tests/test_data_integrity.py::test_csv_file_exists[lamah-150-root_dir207-schema_info207] PASSED [  7%]
tests/test_data_integrity.py::test_csv_file_exists[lamah-151-root_dir208-schema_info208] PASSED [  7%]
tests/test_data_integrity.py::test_csv_file_exists[lamah-152-root_dir209-schema_info209] PASSED [  7%]
tests/test_data_integrity.py::test_csv_file_exists[lamah-153-root_dir210-schema_info210] PASSED [  7%]
tests/test_data_integrity.py::test_csv_file_exists[lamah-154-root_dir211-schema_info211] PASSED [  7%]
tests/test_data_integrity.py::test_csv_file_exists[lamah-155-root_dir212-schema_info212] PASSED [  7%]
tests/test_data_integrity.py::test_csv_file_exists[lamah-156-root_dir213-schema_info213] PASSED [  7%]
tests/test_data_integrity.py::test_csv_file_exists[lamah-157-root_dir214-schema_info214] PASSED [  7%]
tests/test_data_integrity.py::test_csv_file_exists[lamah-158-root_dir215-schema_info215] PASSED [  8%]
tests/test_data_integrity.py::test_csv_file_exists[lamah-159-root_dir216-schema_info216] PASSED [  8%]
tests/test_data_integrity.py::test_csv_file_exists[lamah-160-root_dir217-schema_info217] PASSED [  8%]
tests/test_data_integrity.py::test_csv_file_exists[lamah-161-root_dir218-schema_info218] PASSED [  8%]
tests/test_data_integrity.py::test_csv_file_exists[lamah-162-root_dir219-schema_info219] PASSED [  8%]
tests/test_data_integrity.py::test_csv_file_exists[lamah-163-root_dir220-schema_info220] PASSED [  8%]
tests/test_data_integrity.py::test_csv_file_exists[lamah-164-root_dir221-schema_info221] PASSED [  8%]
tests/test_data_integrity.py::test_csv_file_exists[lamah-165-root_dir222-schema_info222] PASSED [  8%]
tests/test_data_integrity.py::test_csv_file_exists[lamah-166-root_dir223-schema_info223] PASSED [  8%]
tests/test_data_integrity.py::test_csv_file_exists[lamah-167-root_dir224-schema_info224] PASSED [  8%]
tests/test_data_integrity.py::test_csv_file_exists[lamah-168-root_dir225-schema_info225] PASSED [  8%]
tests/test_data_integrity.py::test_csv_file_exists[lamah-169-root_dir226-schema_info226] PASSED [  8%]
tests/test_data_integrity.py::test_csv_file_exists[lamah-170-root_dir227-schema_info227] PASSED [  8%]
tests/test_data_integrity.py::test_csv_file_exists[lamah-171-root_dir228-schema_info228] PASSED [  8%]
tests/test_data_integrity.py::test_csv_file_exists[lamah-172-root_dir229-schema_info229] PASSED [  8%]
tests/test_data_integrity.py::test_csv_file_exists[lamah-173-root_dir230-schema_info230] PASSED [  8%]
tests/test_data_integrity.py::test_csv_file_exists[lamah-174-root_dir231-schema_info231] PASSED [  8%]
tests/test_data_integrity.py::test_csv_file_exists[lamah-175-root_dir232-schema_info232] PASSED [  8%]
tests/test_data_integrity.py::test_csv_file_exists[lamah-176-root_dir233-schema_info233] PASSED [  8%]
tests/test_data_integrity.py::test_csv_file_exists[lamah-177-root_dir234-schema_info234] PASSED [  8%]
tests/test_data_integrity.py::test_csv_file_exists[lamah-178-root_dir235-schema_info235] PASSED [  8%]
tests/test_data_integrity.py::test_csv_file_exists[lamah-179-root_dir236-schema_info236] PASSED [  8%]
tests/test_data_integrity.py::test_csv_file_exists[lamah-180-root_dir237-schema_info237] PASSED [  8%]
tests/test_data_integrity.py::test_csv_file_exists[lamah-181-root_dir238-schema_info238] PASSED [  8%]
tests/test_data_integrity.py::test_csv_file_exists[lamah-182-root_dir239-schema_info239] PASSED [  8%]
tests/test_data_integrity.py::test_csv_file_exists[lamah-183-root_dir240-schema_info240] PASSED [  8%]
tests/test_data_integrity.py::test_csv_file_exists[lamah-184-root_dir241-schema_info241] PASSED [  8%]
tests/test_data_integrity.py::test_csv_file_exists[lamah-185-root_dir242-schema_info242] PASSED [  8%]
tests/test_data_integrity.py::test_csv_file_exists[lamah-186-root_dir243-schema_info243] PASSED [  9%]
tests/test_data_integrity.py::test_csv_file_exists[lamah-187-root_dir244-schema_info244] PASSED [  9%]
tests/test_data_integrity.py::test_csv_file_exists[lamah-188-root_dir245-schema_info245] PASSED [  9%]
tests/test_data_integrity.py::test_csv_file_exists[lamah-189-root_dir246-schema_info246] PASSED [  9%]
tests/test_data_integrity.py::test_csv_file_exists[lamah-190-root_dir247-schema_info247] PASSED [  9%]
tests/test_data_integrity.py::test_csv_file_exists[lamah-191-root_dir248-schema_info248] PASSED [  9%]
tests/test_data_integrity.py::test_csv_file_exists[lamah-192-root_dir249-schema_info249] PASSED [  9%]
tests/test_data_integrity.py::test_csv_file_exists[lamah-193-root_dir250-schema_info250] PASSED [  9%]
tests/test_data_integrity.py::test_csv_file_exists[lamah-194-root_dir251-schema_info251] PASSED [  9%]
tests/test_data_integrity.py::test_csv_file_exists[lamah-195-root_dir252-schema_info252] PASSED [  9%]
tests/test_data_integrity.py::test_csv_file_exists[lamah-196-root_dir253-schema_info253] PASSED [  9%]
tests/test_data_integrity.py::test_csv_file_exists[lamah-197-root_dir254-schema_info254] PASSED [  9%]
tests/test_data_integrity.py::test_csv_file_exists[lamah-198-root_dir255-schema_info255] PASSED [  9%]
tests/test_data_integrity.py::test_csv_file_exists[lamah-199-root_dir256-schema_info256] PASSED [  9%]
tests/test_data_integrity.py::test_csv_file_exists[lamah-200-root_dir257-schema_info257] PASSED [  9%]
tests/test_data_integrity.py::test_csv_file_exists[lamah-201-root_dir258-schema_info258] PASSED [  9%]
tests/test_data_integrity.py::test_csv_file_exists[lamah-202-root_dir259-schema_info259] PASSED [  9%]
tests/test_data_integrity.py::test_csv_file_exists[lamah-203-root_dir260-schema_info260] PASSED [  9%]
tests/test_data_integrity.py::test_csv_file_exists[lamah-204-root_dir261-schema_info261] PASSED [  9%]
tests/test_data_integrity.py::test_csv_file_exists[lamah-205-root_dir262-schema_info262] PASSED [  9%]
tests/test_data_integrity.py::test_csv_file_exists[lamah-206-root_dir263-schema_info263] PASSED [  9%]
tests/test_data_integrity.py::test_csv_file_exists[lamah-207-root_dir264-schema_info264] PASSED [  9%]
tests/test_data_integrity.py::test_csv_file_exists[lamah-208-root_dir265-schema_info265] PASSED [  9%]
tests/test_data_integrity.py::test_csv_file_exists[lamah-209-root_dir266-schema_info266] PASSED [  9%]
tests/test_data_integrity.py::test_csv_file_exists[lamah-210-root_dir267-schema_info267] PASSED [  9%]
tests/test_data_integrity.py::test_csv_file_exists[lamah-211-root_dir268-schema_info268] PASSED [  9%]
tests/test_data_integrity.py::test_csv_file_exists[lamah-212-root_dir269-schema_info269] PASSED [  9%]
tests/test_data_integrity.py::test_csv_file_exists[lamah-213-root_dir270-schema_info270] PASSED [ 10%]
tests/test_data_integrity.py::test_csv_file_exists[lamah-214-root_dir271-schema_info271] PASSED [ 10%]
tests/test_data_integrity.py::test_csv_file_exists[lamah-215-root_dir272-schema_info272] PASSED [ 10%]
tests/test_data_integrity.py::test_csv_file_exists[lamah-216-root_dir273-schema_info273] PASSED [ 10%]
tests/test_data_integrity.py::test_csv_file_exists[lamah-217-root_dir274-schema_info274] PASSED [ 10%]
tests/test_data_integrity.py::test_csv_file_exists[lamah-218-root_dir275-schema_info275] PASSED [ 10%]
tests/test_data_integrity.py::test_csv_file_exists[lamah-219-root_dir276-schema_info276] PASSED [ 10%]
tests/test_data_integrity.py::test_csv_file_exists[lamah-220-root_dir277-schema_info277] PASSED [ 10%]
tests/test_data_integrity.py::test_csv_file_exists[lamah-221-root_dir278-schema_info278] PASSED [ 10%]
tests/test_data_integrity.py::test_csv_file_exists[lamah-222-root_dir279-schema_info279] PASSED [ 10%]
tests/test_data_integrity.py::test_csv_file_exists[lamah-223-root_dir280-schema_info280] PASSED [ 10%]
tests/test_data_integrity.py::test_csv_file_exists[lamah-224-root_dir281-schema_info281] PASSED [ 10%]
tests/test_data_integrity.py::test_csv_file_exists[lamah-225-root_dir282-schema_info282] PASSED [ 10%]
tests/test_data_integrity.py::test_csv_file_exists[lamah-226-root_dir283-schema_info283] PASSED [ 10%]
tests/test_data_integrity.py::test_csv_file_exists[lamah-227-root_dir284-schema_info284] PASSED [ 10%]
tests/test_data_integrity.py::test_csv_file_exists[lamah-228-root_dir285-schema_info285] PASSED [ 10%]
tests/test_data_integrity.py::test_csv_file_exists[lamah-229-root_dir286-schema_info286] PASSED [ 10%]
tests/test_data_integrity.py::test_csv_file_exists[lamah-230-root_dir287-schema_info287] PASSED [ 10%]
tests/test_data_integrity.py::test_csv_file_exists[lamah-231-root_dir288-schema_info288] PASSED [ 10%]
tests/test_data_integrity.py::test_csv_file_exists[lamah-232-root_dir289-schema_info289] PASSED [ 10%]
tests/test_data_integrity.py::test_csv_file_exists[lamah-233-root_dir290-schema_info290] PASSED [ 10%]
tests/test_data_integrity.py::test_csv_file_exists[lamah-234-root_dir291-schema_info291] PASSED [ 10%]
tests/test_data_integrity.py::test_csv_file_exists[lamah-235-root_dir292-schema_info292] PASSED [ 10%]
tests/test_data_integrity.py::test_csv_file_exists[lamah-236-root_dir293-schema_info293] PASSED [ 10%]
tests/test_data_integrity.py::test_csv_file_exists[lamah-237-root_dir294-schema_info294] PASSED [ 10%]
tests/test_data_integrity.py::test_csv_file_exists[lamah-238-root_dir295-schema_info295] PASSED [ 10%]
tests/test_data_integrity.py::test_csv_file_exists[lamah-239-root_dir296-schema_info296] PASSED [ 10%]
tests/test_data_integrity.py::test_csv_file_exists[lamah-240-root_dir297-schema_info297] PASSED [ 10%]
tests/test_data_integrity.py::test_csv_file_exists[lamah-241-root_dir298-schema_info298] PASSED [ 11%]
tests/test_data_integrity.py::test_csv_file_exists[lamah-242-root_dir299-schema_info299] PASSED [ 11%]
tests/test_data_integrity.py::test_csv_file_exists[lamah-243-root_dir300-schema_info300] PASSED [ 11%]
tests/test_data_integrity.py::test_csv_file_exists[lamah-244-root_dir301-schema_info301] PASSED [ 11%]
tests/test_data_integrity.py::test_csv_file_exists[lamah-245-root_dir302-schema_info302] PASSED [ 11%]
tests/test_data_integrity.py::test_csv_file_exists[lamah-246-root_dir303-schema_info303] PASSED [ 11%]
tests/test_data_integrity.py::test_csv_file_exists[lamah-247-root_dir304-schema_info304] PASSED [ 11%]
tests/test_data_integrity.py::test_csv_file_exists[lamah-248-root_dir305-schema_info305] PASSED [ 11%]
tests/test_data_integrity.py::test_csv_file_exists[lamah-249-root_dir306-schema_info306] PASSED [ 11%]
tests/test_data_integrity.py::test_csv_file_exists[lamah-250-root_dir307-schema_info307] PASSED [ 11%]
tests/test_data_integrity.py::test_csv_file_exists[lamah-251-root_dir308-schema_info308] PASSED [ 11%]
tests/test_data_integrity.py::test_csv_file_exists[lamah-252-root_dir309-schema_info309] PASSED [ 11%]
tests/test_data_integrity.py::test_csv_file_exists[lamah-253-root_dir310-schema_info310] PASSED [ 11%]
tests/test_data_integrity.py::test_csv_file_exists[lamah-254-root_dir311-schema_info311] PASSED [ 11%]
tests/test_data_integrity.py::test_csv_file_exists[lamah-255-root_dir312-schema_info312] PASSED [ 11%]
tests/test_data_integrity.py::test_csv_file_exists[lamah-256-root_dir313-schema_info313] PASSED [ 11%]
tests/test_data_integrity.py::test_csv_file_exists[lamah-257-root_dir314-schema_info314] PASSED [ 11%]
tests/test_data_integrity.py::test_csv_file_exists[lamah-258-root_dir315-schema_info315] PASSED [ 11%]
tests/test_data_integrity.py::test_csv_file_exists[lamah-259-root_dir316-schema_info316] PASSED [ 11%]
tests/test_data_integrity.py::test_csv_file_exists[lamah-260-root_dir317-schema_info317] PASSED [ 11%]
tests/test_data_integrity.py::test_csv_file_exists[lamah-261-root_dir318-schema_info318] PASSED [ 11%]
tests/test_data_integrity.py::test_csv_file_exists[lamah-262-root_dir319-schema_info319] PASSED [ 11%]
tests/test_data_integrity.py::test_csv_file_exists[lamah-263-root_dir320-schema_info320] PASSED [ 11%]
tests/test_data_integrity.py::test_csv_file_exists[lamah-264-root_dir321-schema_info321] PASSED [ 11%]
tests/test_data_integrity.py::test_csv_file_exists[lamah-265-root_dir322-schema_info322] PASSED [ 11%]
tests/test_data_integrity.py::test_csv_file_exists[lamah-266-root_dir323-schema_info323] PASSED [ 11%]
tests/test_data_integrity.py::test_csv_file_exists[lamah-267-root_dir324-schema_info324] PASSED [ 11%]
tests/test_data_integrity.py::test_csv_file_exists[lamah-268-root_dir325-schema_info325] PASSED [ 11%]
tests/test_data_integrity.py::test_csv_file_exists[lamah-269-root_dir326-schema_info326] PASSED [ 12%]
tests/test_data_integrity.py::test_csv_file_exists[lamah-270-root_dir327-schema_info327] PASSED [ 12%]
tests/test_data_integrity.py::test_csv_file_exists[lamah-271-root_dir328-schema_info328] PASSED [ 12%]
tests/test_data_integrity.py::test_csv_file_exists[lamah-272-root_dir329-schema_info329] PASSED [ 12%]
tests/test_data_integrity.py::test_csv_file_exists[lamah-273-root_dir330-schema_info330] PASSED [ 12%]
tests/test_data_integrity.py::test_csv_file_exists[lamah-274-root_dir331-schema_info331] PASSED [ 12%]
tests/test_data_integrity.py::test_csv_file_exists[lamah-275-root_dir332-schema_info332] PASSED [ 12%]
tests/test_data_integrity.py::test_csv_file_exists[lamah-276-root_dir333-schema_info333] PASSED [ 12%]
tests/test_data_integrity.py::test_csv_file_exists[lamah-277-root_dir334-schema_info334] PASSED [ 12%]
tests/test_data_integrity.py::test_csv_file_exists[lamah-278-root_dir335-schema_info335] PASSED [ 12%]
tests/test_data_integrity.py::test_csv_file_exists[lamah-279-root_dir336-schema_info336] PASSED [ 12%]
tests/test_data_integrity.py::test_csv_file_exists[lamah-280-root_dir337-schema_info337] PASSED [ 12%]
tests/test_data_integrity.py::test_csv_file_exists[lamah-281-root_dir338-schema_info338] PASSED [ 12%]
tests/test_data_integrity.py::test_csv_file_exists[lamah-282-root_dir339-schema_info339] PASSED [ 12%]
tests/test_data_integrity.py::test_csv_file_exists[lamah-283-root_dir340-schema_info340] PASSED [ 12%]
tests/test_data_integrity.py::test_csv_file_exists[lamah-284-root_dir341-schema_info341] PASSED [ 12%]
tests/test_data_integrity.py::test_csv_file_exists[lamah-285-root_dir342-schema_info342] PASSED [ 12%]
tests/test_data_integrity.py::test_csv_file_exists[lamah-286-root_dir343-schema_info343] PASSED [ 12%]
tests/test_data_integrity.py::test_csv_file_exists[lamah-287-root_dir344-schema_info344] PASSED [ 12%]
tests/test_data_integrity.py::test_csv_file_exists[lamah-288-root_dir345-schema_info345] PASSED [ 12%]
tests/test_data_integrity.py::test_csv_file_exists[lamah-289-root_dir346-schema_info346] PASSED [ 12%]
tests/test_data_integrity.py::test_csv_file_exists[lamah-290-root_dir347-schema_info347] PASSED [ 12%]
tests/test_data_integrity.py::test_csv_file_exists[lamah-291-root_dir348-schema_info348] PASSED [ 12%]
tests/test_data_integrity.py::test_csv_file_exists[lamah-292-root_dir349-schema_info349] PASSED [ 12%]
tests/test_data_integrity.py::test_csv_file_exists[lamah-293-root_dir350-schema_info350] PASSED [ 12%]
tests/test_data_integrity.py::test_csv_file_exists[lamah-294-root_dir351-schema_info351] PASSED [ 12%]
tests/test_data_integrity.py::test_csv_file_exists[lamah-295-root_dir352-schema_info352] PASSED [ 12%]
tests/test_data_integrity.py::test_csv_file_exists[lamah-296-root_dir353-schema_info353] PASSED [ 13%]
tests/test_data_integrity.py::test_csv_file_exists[lamah-297-root_dir354-schema_info354] PASSED [ 13%]
tests/test_data_integrity.py::test_csv_file_exists[lamah-298-root_dir355-schema_info355] PASSED [ 13%]
tests/test_data_integrity.py::test_csv_file_exists[lamah-299-root_dir356-schema_info356] PASSED [ 13%]
tests/test_data_integrity.py::test_csv_file_exists[lamah-300-root_dir357-schema_info357] PASSED [ 13%]
tests/test_data_integrity.py::test_csv_file_exists[lamah-301-root_dir358-schema_info358] PASSED [ 13%]
tests/test_data_integrity.py::test_csv_file_exists[lamah-302-root_dir359-schema_info359] PASSED [ 13%]
tests/test_data_integrity.py::test_csv_file_exists[lamah-303-root_dir360-schema_info360] PASSED [ 13%]
tests/test_data_integrity.py::test_csv_file_exists[lamah-304-root_dir361-schema_info361] PASSED [ 13%]
tests/test_data_integrity.py::test_csv_file_exists[lamah-305-root_dir362-schema_info362] PASSED [ 13%]
tests/test_data_integrity.py::test_csv_file_exists[lamah-306-root_dir363-schema_info363] PASSED [ 13%]
tests/test_data_integrity.py::test_csv_file_exists[lamah-307-root_dir364-schema_info364] PASSED [ 13%]
tests/test_data_integrity.py::test_csv_file_exists[lamah-308-root_dir365-schema_info365] PASSED [ 13%]
tests/test_data_integrity.py::test_csv_file_exists[lamah-309-root_dir366-schema_info366] PASSED [ 13%]
tests/test_data_integrity.py::test_csv_file_exists[lamah-310-root_dir367-schema_info367] PASSED [ 13%]
tests/test_data_integrity.py::test_csv_file_exists[lamah-311-root_dir368-schema_info368] PASSED [ 13%]
tests/test_data_integrity.py::test_csv_file_exists[lamah-312-root_dir369-schema_info369] PASSED [ 13%]
tests/test_data_integrity.py::test_csv_file_exists[lamah-313-root_dir370-schema_info370] PASSED [ 13%]
tests/test_data_integrity.py::test_csv_file_exists[lamah-314-root_dir371-schema_info371] PASSED [ 13%]
tests/test_data_integrity.py::test_csv_file_exists[lamah-315-root_dir372-schema_info372] PASSED [ 13%]
tests/test_data_integrity.py::test_csv_file_exists[lamah-316-root_dir373-schema_info373] PASSED [ 13%]
tests/test_data_integrity.py::test_csv_file_exists[lamah-317-root_dir374-schema_info374] PASSED [ 13%]
tests/test_data_integrity.py::test_csv_file_exists[lamah-318-root_dir375-schema_info375] PASSED [ 13%]
tests/test_data_integrity.py::test_csv_file_exists[lamah-319-root_dir376-schema_info376] PASSED [ 13%]
tests/test_data_integrity.py::test_csv_file_exists[lamah-320-root_dir377-schema_info377] PASSED [ 13%]
tests/test_data_integrity.py::test_csv_file_exists[lamah-321-root_dir378-schema_info378] PASSED [ 13%]
tests/test_data_integrity.py::test_csv_file_exists[lamah-322-root_dir379-schema_info379] PASSED [ 13%]
tests/test_data_integrity.py::test_csv_file_exists[lamah-323-root_dir380-schema_info380] PASSED [ 13%]
tests/test_data_integrity.py::test_csv_file_exists[lamah-324-root_dir381-schema_info381] PASSED [ 14%]
tests/test_data_integrity.py::test_csv_file_exists[lamah-325-root_dir382-schema_info382] PASSED [ 14%]
tests/test_data_integrity.py::test_csv_file_exists[lamah-326-root_dir383-schema_info383] PASSED [ 14%]
tests/test_data_integrity.py::test_csv_file_exists[lamah-327-root_dir384-schema_info384] PASSED [ 14%]
tests/test_data_integrity.py::test_csv_file_exists[lamah-328-root_dir385-schema_info385] PASSED [ 14%]
tests/test_data_integrity.py::test_csv_file_exists[lamah-329-root_dir386-schema_info386] PASSED [ 14%]
tests/test_data_integrity.py::test_csv_file_exists[lamah-330-root_dir387-schema_info387] PASSED [ 14%]
tests/test_data_integrity.py::test_csv_file_exists[lamah-331-root_dir388-schema_info388] PASSED [ 14%]
tests/test_data_integrity.py::test_csv_file_exists[lamah-332-root_dir389-schema_info389] PASSED [ 14%]
tests/test_data_integrity.py::test_csv_file_exists[lamah-333-root_dir390-schema_info390] PASSED [ 14%]
tests/test_data_integrity.py::test_csv_file_exists[lamah-334-root_dir391-schema_info391] PASSED [ 14%]
tests/test_data_integrity.py::test_csv_file_exists[lamah-335-root_dir392-schema_info392] PASSED [ 14%]
tests/test_data_integrity.py::test_csv_file_exists[lamah-336-root_dir393-schema_info393] PASSED [ 14%]
tests/test_data_integrity.py::test_csv_file_exists[lamah-337-root_dir394-schema_info394] PASSED [ 14%]
tests/test_data_integrity.py::test_csv_file_exists[lamah-338-root_dir395-schema_info395] PASSED [ 14%]
tests/test_data_integrity.py::test_csv_file_exists[lamah-339-root_dir396-schema_info396] PASSED [ 14%]
tests/test_data_integrity.py::test_csv_file_exists[lamah-340-root_dir397-schema_info397] PASSED [ 14%]
tests/test_data_integrity.py::test_csv_file_exists[lamah-341-root_dir398-schema_info398] PASSED [ 14%]
tests/test_data_integrity.py::test_csv_file_exists[lamah-342-root_dir399-schema_info399] PASSED [ 14%]
tests/test_data_integrity.py::test_csv_file_exists[lamah-343-root_dir400-schema_info400] PASSED [ 14%]
tests/test_data_integrity.py::test_csv_file_exists[lamah-344-root_dir401-schema_info401] PASSED [ 14%]
tests/test_data_integrity.py::test_csv_file_exists[lamah-345-root_dir402-schema_info402] PASSED [ 14%]
tests/test_data_integrity.py::test_csv_file_exists[lamah-346-root_dir403-schema_info403] PASSED [ 14%]
tests/test_data_integrity.py::test_csv_file_exists[lamah-347-root_dir404-schema_info404] PASSED [ 14%]
tests/test_data_integrity.py::test_csv_file_exists[lamah-348-root_dir405-schema_info405] PASSED [ 14%]
tests/test_data_integrity.py::test_csv_file_exists[lamah-349-root_dir406-schema_info406] PASSED [ 14%]
tests/test_data_integrity.py::test_csv_file_exists[lamah-350-root_dir407-schema_info407] PASSED [ 14%]
tests/test_data_integrity.py::test_csv_file_exists[lamah-351-root_dir408-schema_info408] PASSED [ 14%]
tests/test_data_integrity.py::test_csv_file_exists[lamah-352-root_dir409-schema_info409] PASSED [ 15%]
tests/test_data_integrity.py::test_csv_file_exists[lamah-354-root_dir410-schema_info410] PASSED [ 15%]
tests/test_data_integrity.py::test_csv_file_exists[lamah-355-root_dir411-schema_info411] PASSED [ 15%]
tests/test_data_integrity.py::test_csv_file_exists[lamah-356-root_dir412-schema_info412] PASSED [ 15%]
tests/test_data_integrity.py::test_csv_file_exists[lamah-357-root_dir413-schema_info413] PASSED [ 15%]
tests/test_data_integrity.py::test_csv_file_exists[lamah-358-root_dir414-schema_info414] PASSED [ 15%]
tests/test_data_integrity.py::test_csv_file_exists[lamah-359-root_dir415-schema_info415] PASSED [ 15%]
tests/test_data_integrity.py::test_csv_file_exists[lamah-360-root_dir416-schema_info416] PASSED [ 15%]
tests/test_data_integrity.py::test_csv_file_exists[lamah-361-root_dir417-schema_info417] PASSED [ 15%]
tests/test_data_integrity.py::test_csv_file_exists[lamah-363-root_dir418-schema_info418] PASSED [ 15%]
tests/test_data_integrity.py::test_csv_file_exists[lamah-364-root_dir419-schema_info419] PASSED [ 15%]
tests/test_data_integrity.py::test_csv_file_exists[lamah-366-root_dir420-schema_info420] PASSED [ 15%]
tests/test_data_integrity.py::test_csv_file_exists[lamah-367-root_dir421-schema_info421] PASSED [ 15%]
tests/test_data_integrity.py::test_csv_file_exists[lamah-368-root_dir422-schema_info422] PASSED [ 15%]
tests/test_data_integrity.py::test_csv_file_exists[lamah-370-root_dir423-schema_info423] PASSED [ 15%]
tests/test_data_integrity.py::test_csv_file_exists[lamah-371-root_dir424-schema_info424] PASSED [ 15%]
tests/test_data_integrity.py::test_csv_file_exists[lamah-372-root_dir425-schema_info425] PASSED [ 15%]
tests/test_data_integrity.py::test_csv_file_exists[lamah-373-root_dir426-schema_info426] PASSED [ 15%]
tests/test_data_integrity.py::test_csv_file_exists[lamah-374-root_dir427-schema_info427] PASSED [ 15%]
tests/test_data_integrity.py::test_csv_file_exists[lamah-375-root_dir428-schema_info428] PASSED [ 15%]
tests/test_data_integrity.py::test_csv_file_exists[lamah-376-root_dir429-schema_info429] PASSED [ 15%]
tests/test_data_integrity.py::test_csv_file_exists[lamah-377-root_dir430-schema_info430] PASSED [ 15%]
tests/test_data_integrity.py::test_csv_file_exists[lamah-378-root_dir431-schema_info431] PASSED [ 15%]
tests/test_data_integrity.py::test_csv_file_exists[lamah-379-root_dir432-schema_info432] PASSED [ 15%]
tests/test_data_integrity.py::test_csv_file_exists[lamah-380-root_dir433-schema_info433] PASSED [ 15%]
tests/test_data_integrity.py::test_csv_file_exists[lamah-381-root_dir434-schema_info434] PASSED [ 15%]
tests/test_data_integrity.py::test_csv_file_exists[lamah-382-root_dir435-schema_info435] PASSED [ 15%]
tests/test_data_integrity.py::test_csv_file_exists[lamah-383-root_dir436-schema_info436] PASSED [ 15%]
tests/test_data_integrity.py::test_csv_file_exists[lamah-384-root_dir437-schema_info437] PASSED [ 16%]
tests/test_data_integrity.py::test_csv_file_exists[lamah-385-root_dir438-schema_info438] PASSED [ 16%]
tests/test_data_integrity.py::test_csv_file_exists[lamah-386-root_dir439-schema_info439] PASSED [ 16%]
tests/test_data_integrity.py::test_csv_file_exists[lamah-387-root_dir440-schema_info440] PASSED [ 16%]
tests/test_data_integrity.py::test_csv_file_exists[lamah-388-root_dir441-schema_info441] PASSED [ 16%]
tests/test_data_integrity.py::test_csv_file_exists[lamah-389-root_dir442-schema_info442] PASSED [ 16%]
tests/test_data_integrity.py::test_csv_file_exists[lamah-390-root_dir443-schema_info443] PASSED [ 16%]
tests/test_data_integrity.py::test_csv_file_exists[lamah-391-root_dir444-schema_info444] PASSED [ 16%]
tests/test_data_integrity.py::test_csv_file_exists[lamah-392-root_dir445-schema_info445] PASSED [ 16%]
tests/test_data_integrity.py::test_csv_file_exists[lamah-393-root_dir446-schema_info446] PASSED [ 16%]
tests/test_data_integrity.py::test_csv_file_exists[lamah-394-root_dir447-schema_info447] PASSED [ 16%]
tests/test_data_integrity.py::test_csv_file_exists[lamah-395-root_dir448-schema_info448] PASSED [ 16%]
tests/test_data_integrity.py::test_csv_file_exists[lamah-396-root_dir449-schema_info449] PASSED [ 16%]
tests/test_data_integrity.py::test_csv_file_exists[lamah-397-root_dir450-schema_info450] PASSED [ 16%]
tests/test_data_integrity.py::test_csv_file_exists[lamah-398-root_dir451-schema_info451] PASSED [ 16%]
tests/test_data_integrity.py::test_csv_file_exists[lamah-399-root_dir452-schema_info452] PASSED [ 16%]
tests/test_data_integrity.py::test_csv_file_exists[lamah-401-root_dir453-schema_info453] PASSED [ 16%]
tests/test_data_integrity.py::test_csv_file_exists[lamah-402-root_dir454-schema_info454] PASSED [ 16%]
tests/test_data_integrity.py::test_csv_file_exists[lamah-403-root_dir455-schema_info455] PASSED [ 16%]
tests/test_data_integrity.py::test_csv_file_exists[lamah-404-root_dir456-schema_info456] PASSED [ 16%]
tests/test_data_integrity.py::test_csv_file_exists[lamah-405-root_dir457-schema_info457] PASSED [ 16%]
tests/test_data_integrity.py::test_csv_file_exists[lamah-406-root_dir458-schema_info458] PASSED [ 16%]
tests/test_data_integrity.py::test_csv_file_exists[lamah-407-root_dir459-schema_info459] PASSED [ 16%]
tests/test_data_integrity.py::test_csv_file_exists[lamah-408-root_dir460-schema_info460] PASSED [ 16%]
tests/test_data_integrity.py::test_csv_file_exists[lamah-409-root_dir461-schema_info461] PASSED [ 16%]
tests/test_data_integrity.py::test_csv_file_exists[lamah-410-root_dir462-schema_info462] PASSED [ 16%]
tests/test_data_integrity.py::test_csv_file_exists[lamah-411-root_dir463-schema_info463] PASSED [ 16%]
tests/test_data_integrity.py::test_csv_file_exists[lamah-412-root_dir464-schema_info464] PASSED [ 17%]
tests/test_data_integrity.py::test_csv_file_exists[lamah-413-root_dir465-schema_info465] PASSED [ 17%]
tests/test_data_integrity.py::test_csv_file_exists[lamah-414-root_dir466-schema_info466] PASSED [ 17%]
tests/test_data_integrity.py::test_csv_file_exists[lamah-415-root_dir467-schema_info467] PASSED [ 17%]
tests/test_data_integrity.py::test_csv_file_exists[lamah-416-root_dir468-schema_info468] PASSED [ 17%]
tests/test_data_integrity.py::test_csv_file_exists[lamah-422-root_dir469-schema_info469] PASSED [ 17%]
tests/test_data_integrity.py::test_csv_file_exists[lamah-423-root_dir470-schema_info470] PASSED [ 17%]
tests/test_data_integrity.py::test_csv_file_exists[lamah-426-root_dir471-schema_info471] PASSED [ 17%]
tests/test_data_integrity.py::test_csv_file_exists[lamah-428-root_dir472-schema_info472] PASSED [ 17%]
tests/test_data_integrity.py::test_csv_file_exists[lamah-429-root_dir473-schema_info473] PASSED [ 17%]
tests/test_data_integrity.py::test_csv_file_exists[lamah-430-root_dir474-schema_info474] PASSED [ 17%]
tests/test_data_integrity.py::test_csv_file_exists[lamah-431-root_dir475-schema_info475] PASSED [ 17%]
tests/test_data_integrity.py::test_csv_file_exists[lamah-432-root_dir476-schema_info476] PASSED [ 17%]
tests/test_data_integrity.py::test_csv_file_exists[lamah-433-root_dir477-schema_info477] PASSED [ 17%]
tests/test_data_integrity.py::test_csv_file_exists[lamah-434-root_dir478-schema_info478] PASSED [ 17%]
tests/test_data_integrity.py::test_csv_file_exists[lamah-435-root_dir479-schema_info479] PASSED [ 17%]
tests/test_data_integrity.py::test_csv_file_exists[lamah-436-root_dir480-schema_info480] PASSED [ 17%]
tests/test_data_integrity.py::test_csv_file_exists[lamah-437-root_dir481-schema_info481] PASSED [ 17%]
tests/test_data_integrity.py::test_csv_file_exists[lamah-438-root_dir482-schema_info482] PASSED [ 17%]
tests/test_data_integrity.py::test_csv_file_exists[lamah-439-root_dir483-schema_info483] PASSED [ 17%]
tests/test_data_integrity.py::test_csv_file_exists[lamah-440-root_dir484-schema_info484] PASSED [ 17%]
tests/test_data_integrity.py::test_csv_file_exists[lamah-441-root_dir485-schema_info485] PASSED [ 17%]
tests/test_data_integrity.py::test_csv_file_exists[lamah-442-root_dir486-schema_info486] PASSED [ 17%]
tests/test_data_integrity.py::test_csv_file_exists[lamah-443-root_dir487-schema_info487] PASSED [ 17%]
tests/test_data_integrity.py::test_csv_file_exists[lamah-444-root_dir488-schema_info488] PASSED [ 17%]
tests/test_data_integrity.py::test_csv_file_exists[lamah-445-root_dir489-schema_info489] PASSED [ 17%]
tests/test_data_integrity.py::test_csv_file_exists[lamah-446-root_dir490-schema_info490] PASSED [ 17%]
tests/test_data_integrity.py::test_csv_file_exists[lamah-447-root_dir491-schema_info491] PASSED [ 17%]
tests/test_data_integrity.py::test_csv_file_exists[lamah-448-root_dir492-schema_info492] PASSED [ 18%]
tests/test_data_integrity.py::test_csv_file_exists[lamah-449-root_dir493-schema_info493] PASSED [ 18%]
tests/test_data_integrity.py::test_csv_file_exists[lamah-450-root_dir494-schema_info494] PASSED [ 18%]
tests/test_data_integrity.py::test_csv_file_exists[lamah-451-root_dir495-schema_info495] PASSED [ 18%]
tests/test_data_integrity.py::test_csv_file_exists[lamah-452-root_dir496-schema_info496] PASSED [ 18%]
tests/test_data_integrity.py::test_csv_file_exists[lamah-453-root_dir497-schema_info497] PASSED [ 18%]
tests/test_data_integrity.py::test_csv_file_exists[lamah-454-root_dir498-schema_info498] PASSED [ 18%]
tests/test_data_integrity.py::test_csv_file_exists[lamah-455-root_dir499-schema_info499] PASSED [ 18%]
tests/test_data_integrity.py::test_csv_file_exists[lamah-456-root_dir500-schema_info500] PASSED [ 18%]
tests/test_data_integrity.py::test_csv_file_exists[lamah-457-root_dir501-schema_info501] PASSED [ 18%]
tests/test_data_integrity.py::test_csv_file_exists[lamah-458-root_dir502-schema_info502] PASSED [ 18%]
tests/test_data_integrity.py::test_csv_file_exists[lamah-459-root_dir503-schema_info503] PASSED [ 18%]
tests/test_data_integrity.py::test_csv_file_exists[lamah-460-root_dir504-schema_info504] PASSED [ 18%]
tests/test_data_integrity.py::test_csv_file_exists[lamah-461-root_dir505-schema_info505] PASSED [ 18%]
tests/test_data_integrity.py::test_csv_file_exists[lamah-462-root_dir506-schema_info506] PASSED [ 18%]
tests/test_data_integrity.py::test_csv_file_exists[lamah-463-root_dir507-schema_info507] PASSED [ 18%]
tests/test_data_integrity.py::test_csv_file_exists[lamah-464-root_dir508-schema_info508] PASSED [ 18%]
tests/test_data_integrity.py::test_csv_file_exists[lamah-465-root_dir509-schema_info509] PASSED [ 18%]
tests/test_data_integrity.py::test_csv_file_exists[lamah-466-root_dir510-schema_info510] PASSED [ 18%]
tests/test_data_integrity.py::test_csv_file_exists[lamah-467-root_dir511-schema_info511] PASSED [ 18%]
tests/test_data_integrity.py::test_csv_file_exists[lamah-468-root_dir512-schema_info512] PASSED [ 18%]
tests/test_data_integrity.py::test_csv_file_exists[lamah-469-root_dir513-schema_info513] PASSED [ 18%]
tests/test_data_integrity.py::test_csv_file_exists[lamah-470-root_dir514-schema_info514] PASSED [ 18%]
tests/test_data_integrity.py::test_csv_file_exists[lamah-471-root_dir515-schema_info515] PASSED [ 18%]
tests/test_data_integrity.py::test_csv_file_exists[lamah-472-root_dir516-schema_info516] PASSED [ 18%]
tests/test_data_integrity.py::test_csv_file_exists[lamah-473-root_dir517-schema_info517] PASSED [ 18%]
tests/test_data_integrity.py::test_csv_file_exists[lamah-474-root_dir518-schema_info518] PASSED [ 18%]
tests/test_data_integrity.py::test_csv_file_exists[lamah-475-root_dir519-schema_info519] PASSED [ 18%]
tests/test_data_integrity.py::test_csv_file_exists[lamah-476-root_dir520-schema_info520] PASSED [ 19%]
tests/test_data_integrity.py::test_csv_file_exists[lamah-477-root_dir521-schema_info521] PASSED [ 19%]
tests/test_data_integrity.py::test_csv_file_exists[lamah-478-root_dir522-schema_info522] PASSED [ 19%]
tests/test_data_integrity.py::test_csv_file_exists[lamah-479-root_dir523-schema_info523] PASSED [ 19%]
tests/test_data_integrity.py::test_csv_file_exists[lamah-480-root_dir524-schema_info524] PASSED [ 19%]
tests/test_data_integrity.py::test_csv_file_exists[lamah-481-root_dir525-schema_info525] PASSED [ 19%]
tests/test_data_integrity.py::test_csv_file_exists[lamah-482-root_dir526-schema_info526] PASSED [ 19%]
tests/test_data_integrity.py::test_csv_file_exists[lamah-483-root_dir527-schema_info527] PASSED [ 19%]
tests/test_data_integrity.py::test_csv_file_exists[lamah-484-root_dir528-schema_info528] PASSED [ 19%]
tests/test_data_integrity.py::test_csv_file_exists[lamah-485-root_dir529-schema_info529] PASSED [ 19%]
tests/test_data_integrity.py::test_csv_file_exists[lamah-486-root_dir530-schema_info530] PASSED [ 19%]
tests/test_data_integrity.py::test_csv_file_exists[lamah-487-root_dir531-schema_info531] PASSED [ 19%]
tests/test_data_integrity.py::test_csv_file_exists[lamah-488-root_dir532-schema_info532] PASSED [ 19%]
tests/test_data_integrity.py::test_csv_file_exists[lamah-489-root_dir533-schema_info533] PASSED [ 19%]
tests/test_data_integrity.py::test_csv_file_exists[lamah-490-root_dir534-schema_info534] PASSED [ 19%]
tests/test_data_integrity.py::test_csv_file_exists[lamah-491-root_dir535-schema_info535] PASSED [ 19%]
tests/test_data_integrity.py::test_csv_file_exists[lamah-492-root_dir536-schema_info536] PASSED [ 19%]
tests/test_data_integrity.py::test_csv_file_exists[lamah-493-root_dir537-schema_info537] PASSED [ 19%]
tests/test_data_integrity.py::test_csv_file_exists[lamah-494-root_dir538-schema_info538] PASSED [ 19%]
tests/test_data_integrity.py::test_csv_file_exists[lamah-495-root_dir539-schema_info539] PASSED [ 19%]
tests/test_data_integrity.py::test_csv_file_exists[lamah-496-root_dir540-schema_info540] PASSED [ 19%]
tests/test_data_integrity.py::test_csv_file_exists[lamah-497-root_dir541-schema_info541] PASSED [ 19%]
tests/test_data_integrity.py::test_csv_file_exists[lamah-498-root_dir542-schema_info542] PASSED [ 19%]
tests/test_data_integrity.py::test_csv_file_exists[lamah-499-root_dir543-schema_info543] PASSED [ 19%]
tests/test_data_integrity.py::test_csv_file_exists[lamah-500-root_dir544-schema_info544] PASSED [ 19%]
tests/test_data_integrity.py::test_csv_file_exists[lamah-501-root_dir545-schema_info545] PASSED [ 19%]
tests/test_data_integrity.py::test_csv_file_exists[lamah-503-root_dir546-schema_info546] PASSED [ 19%]
tests/test_data_integrity.py::test_csv_file_exists[lamah-504-root_dir547-schema_info547] PASSED [ 20%]
tests/test_data_integrity.py::test_csv_file_exists[lamah-505-root_dir548-schema_info548] PASSED [ 20%]
tests/test_data_integrity.py::test_csv_file_exists[lamah-506-root_dir549-schema_info549] PASSED [ 20%]
tests/test_data_integrity.py::test_csv_file_exists[lamah-507-root_dir550-schema_info550] PASSED [ 20%]
tests/test_data_integrity.py::test_csv_file_exists[lamah-508-root_dir551-schema_info551] PASSED [ 20%]
tests/test_data_integrity.py::test_csv_file_exists[lamah-509-root_dir552-schema_info552] PASSED [ 20%]
tests/test_data_integrity.py::test_csv_file_exists[lamah-510-root_dir553-schema_info553] PASSED [ 20%]
tests/test_data_integrity.py::test_csv_file_exists[lamah-511-root_dir554-schema_info554] PASSED [ 20%]
tests/test_data_integrity.py::test_csv_file_exists[lamah-512-root_dir555-schema_info555] PASSED [ 20%]
tests/test_data_integrity.py::test_csv_file_exists[lamah-513-root_dir556-schema_info556] PASSED [ 20%]
tests/test_data_integrity.py::test_csv_file_exists[lamah-514-root_dir557-schema_info557] PASSED [ 20%]
tests/test_data_integrity.py::test_csv_file_exists[lamah-515-root_dir558-schema_info558] PASSED [ 20%]
tests/test_data_integrity.py::test_csv_file_exists[lamah-516-root_dir559-schema_info559] PASSED [ 20%]
tests/test_data_integrity.py::test_csv_file_exists[lamah-517-root_dir560-schema_info560] PASSED [ 20%]
tests/test_data_integrity.py::test_csv_file_exists[lamah-518-root_dir561-schema_info561] PASSED [ 20%]
tests/test_data_integrity.py::test_csv_file_exists[lamah-519-root_dir562-schema_info562] PASSED [ 20%]
tests/test_data_integrity.py::test_csv_file_exists[lamah-520-root_dir563-schema_info563] PASSED [ 20%]
tests/test_data_integrity.py::test_csv_file_exists[lamah-521-root_dir564-schema_info564] PASSED [ 20%]
tests/test_data_integrity.py::test_csv_file_exists[lamah-523-root_dir565-schema_info565] PASSED [ 20%]
tests/test_data_integrity.py::test_csv_file_exists[lamah-524-root_dir566-schema_info566] PASSED [ 20%]
tests/test_data_integrity.py::test_csv_file_exists[lamah-525-root_dir567-schema_info567] PASSED [ 20%]
tests/test_data_integrity.py::test_csv_file_exists[lamah-526-root_dir568-schema_info568] PASSED [ 20%]
tests/test_data_integrity.py::test_csv_file_exists[lamah-527-root_dir569-schema_info569] PASSED [ 20%]
tests/test_data_integrity.py::test_csv_file_exists[lamah-528-root_dir570-schema_info570] PASSED [ 20%]
tests/test_data_integrity.py::test_csv_file_exists[lamah-529-root_dir571-schema_info571] PASSED [ 20%]
tests/test_data_integrity.py::test_csv_file_exists[lamah-530-root_dir572-schema_info572] PASSED [ 20%]
tests/test_data_integrity.py::test_csv_file_exists[lamah-531-root_dir573-schema_info573] PASSED [ 20%]
tests/test_data_integrity.py::test_csv_file_exists[lamah-532-root_dir574-schema_info574] PASSED [ 20%]
tests/test_data_integrity.py::test_csv_file_exists[lamah-533-root_dir575-schema_info575] PASSED [ 21%]
tests/test_data_integrity.py::test_csv_file_exists[lamah-534-root_dir576-schema_info576] PASSED [ 21%]
tests/test_data_integrity.py::test_csv_file_exists[lamah-535-root_dir577-schema_info577] PASSED [ 21%]
tests/test_data_integrity.py::test_csv_file_exists[lamah-536-root_dir578-schema_info578] PASSED [ 21%]
tests/test_data_integrity.py::test_csv_file_exists[lamah-537-root_dir579-schema_info579] PASSED [ 21%]
tests/test_data_integrity.py::test_csv_file_exists[lamah-538-root_dir580-schema_info580] PASSED [ 21%]
tests/test_data_integrity.py::test_csv_file_exists[lamah-539-root_dir581-schema_info581] PASSED [ 21%]
tests/test_data_integrity.py::test_csv_file_exists[lamah-540-root_dir582-schema_info582] PASSED [ 21%]
tests/test_data_integrity.py::test_csv_file_exists[lamah-541-root_dir583-schema_info583] PASSED [ 21%]
tests/test_data_integrity.py::test_csv_file_exists[lamah-542-root_dir584-schema_info584] PASSED [ 21%]
tests/test_data_integrity.py::test_csv_file_exists[lamah-543-root_dir585-schema_info585] PASSED [ 21%]
tests/test_data_integrity.py::test_csv_file_exists[lamah-544-root_dir586-schema_info586] PASSED [ 21%]
tests/test_data_integrity.py::test_csv_file_exists[lamah-545-root_dir587-schema_info587] PASSED [ 21%]
tests/test_data_integrity.py::test_csv_file_exists[lamah-546-root_dir588-schema_info588] PASSED [ 21%]
tests/test_data_integrity.py::test_csv_file_exists[lamah-547-root_dir589-schema_info589] PASSED [ 21%]
tests/test_data_integrity.py::test_csv_file_exists[lamah-548-root_dir590-schema_info590] PASSED [ 21%]
tests/test_data_integrity.py::test_csv_file_exists[lamah-549-root_dir591-schema_info591] PASSED [ 21%]
tests/test_data_integrity.py::test_csv_file_exists[lamah-550-root_dir592-schema_info592] PASSED [ 21%]
tests/test_data_integrity.py::test_csv_file_exists[lamah-551-root_dir593-schema_info593] PASSED [ 21%]
tests/test_data_integrity.py::test_csv_file_exists[lamah-552-root_dir594-schema_info594] PASSED [ 21%]
tests/test_data_integrity.py::test_csv_file_exists[lamah-553-root_dir595-schema_info595] PASSED [ 21%]
tests/test_data_integrity.py::test_csv_file_exists[lamah-554-root_dir596-schema_info596] PASSED [ 21%]
tests/test_data_integrity.py::test_csv_file_exists[lamah-555-root_dir597-schema_info597] PASSED [ 21%]
tests/test_data_integrity.py::test_csv_file_exists[lamah-556-root_dir598-schema_info598] PASSED [ 21%]
tests/test_data_integrity.py::test_csv_file_exists[lamah-557-root_dir599-schema_info599] PASSED [ 21%]
tests/test_data_integrity.py::test_csv_file_exists[lamah-558-root_dir600-schema_info600] PASSED [ 21%]
tests/test_data_integrity.py::test_csv_file_exists[lamah-559-root_dir601-schema_info601] PASSED [ 21%]
tests/test_data_integrity.py::test_csv_file_exists[lamah-560-root_dir602-schema_info602] PASSED [ 21%]
tests/test_data_integrity.py::test_csv_file_exists[lamah-561-root_dir603-schema_info603] PASSED [ 22%]
tests/test_data_integrity.py::test_csv_file_exists[lamah-562-root_dir604-schema_info604] PASSED [ 22%]
tests/test_data_integrity.py::test_csv_file_exists[lamah-563-root_dir605-schema_info605] PASSED [ 22%]
tests/test_data_integrity.py::test_csv_file_exists[lamah-564-root_dir606-schema_info606] PASSED [ 22%]
tests/test_data_integrity.py::test_csv_file_exists[lamah-565-root_dir607-schema_info607] PASSED [ 22%]
tests/test_data_integrity.py::test_csv_file_exists[lamah-566-root_dir608-schema_info608] PASSED [ 22%]
tests/test_data_integrity.py::test_csv_file_exists[lamah-567-root_dir609-schema_info609] PASSED [ 22%]
tests/test_data_integrity.py::test_csv_file_exists[lamah-568-root_dir610-schema_info610] PASSED [ 22%]
tests/test_data_integrity.py::test_csv_file_exists[lamah-569-root_dir611-schema_info611] PASSED [ 22%]
tests/test_data_integrity.py::test_csv_file_exists[lamah-570-root_dir612-schema_info612] PASSED [ 22%]
tests/test_data_integrity.py::test_csv_file_exists[lamah-571-root_dir613-schema_info613] PASSED [ 22%]
tests/test_data_integrity.py::test_csv_file_exists[lamah-572-root_dir614-schema_info614] PASSED [ 22%]
tests/test_data_integrity.py::test_csv_file_exists[lamah-573-root_dir615-schema_info615] PASSED [ 22%]
tests/test_data_integrity.py::test_csv_file_exists[lamah-574-root_dir616-schema_info616] PASSED [ 22%]
tests/test_data_integrity.py::test_csv_file_exists[lamah-575-root_dir617-schema_info617] PASSED [ 22%]
tests/test_data_integrity.py::test_csv_file_exists[lamah-576-root_dir618-schema_info618] PASSED [ 22%]
tests/test_data_integrity.py::test_csv_file_exists[lamah-577-root_dir619-schema_info619] PASSED [ 22%]
tests/test_data_integrity.py::test_csv_file_exists[lamah-578-root_dir620-schema_info620] PASSED [ 22%]
tests/test_data_integrity.py::test_csv_file_exists[lamah-579-root_dir621-schema_info621] PASSED [ 22%]
tests/test_data_integrity.py::test_csv_file_exists[lamah-580-root_dir622-schema_info622] PASSED [ 22%]
tests/test_data_integrity.py::test_csv_file_exists[lamah-581-root_dir623-schema_info623] PASSED [ 22%]
tests/test_data_integrity.py::test_csv_file_exists[lamah-582-root_dir624-schema_info624] PASSED [ 22%]
tests/test_data_integrity.py::test_csv_file_exists[lamah-583-root_dir625-schema_info625] PASSED [ 22%]
tests/test_data_integrity.py::test_csv_file_exists[lamah-584-root_dir626-schema_info626] PASSED [ 22%]
tests/test_data_integrity.py::test_csv_file_exists[lamah-585-root_dir627-schema_info627] PASSED [ 22%]
tests/test_data_integrity.py::test_csv_file_exists[lamah-586-root_dir628-schema_info628] PASSED [ 22%]
tests/test_data_integrity.py::test_csv_file_exists[lamah-587-root_dir629-schema_info629] PASSED [ 22%]
tests/test_data_integrity.py::test_csv_file_exists[lamah-588-root_dir630-schema_info630] PASSED [ 23%]
tests/test_data_integrity.py::test_csv_file_exists[lamah-589-root_dir631-schema_info631] PASSED [ 23%]
tests/test_data_integrity.py::test_csv_file_exists[lamah-590-root_dir632-schema_info632] PASSED [ 23%]
tests/test_data_integrity.py::test_csv_file_exists[lamah-591-root_dir633-schema_info633] PASSED [ 23%]
tests/test_data_integrity.py::test_csv_file_exists[lamah-592-root_dir634-schema_info634] PASSED [ 23%]
tests/test_data_integrity.py::test_csv_file_exists[lamah-593-root_dir635-schema_info635] PASSED [ 23%]
tests/test_data_integrity.py::test_csv_file_exists[lamah-594-root_dir636-schema_info636] PASSED [ 23%]
tests/test_data_integrity.py::test_csv_file_exists[lamah-595-root_dir637-schema_info637] PASSED [ 23%]
tests/test_data_integrity.py::test_csv_file_exists[lamah-596-root_dir638-schema_info638] PASSED [ 23%]
tests/test_data_integrity.py::test_csv_file_exists[lamah-597-root_dir639-schema_info639] PASSED [ 23%]
tests/test_data_integrity.py::test_csv_file_exists[lamah-598-root_dir640-schema_info640] PASSED [ 23%]
tests/test_data_integrity.py::test_csv_file_exists[lamah-599-root_dir641-schema_info641] PASSED [ 23%]
tests/test_data_integrity.py::test_csv_file_exists[lamah-600-root_dir642-schema_info642] PASSED [ 23%]
tests/test_data_integrity.py::test_csv_file_exists[lamah-601-root_dir643-schema_info643] PASSED [ 23%]
tests/test_data_integrity.py::test_csv_file_exists[lamah-602-root_dir644-schema_info644] PASSED [ 23%]
tests/test_data_integrity.py::test_csv_file_exists[lamah-603-root_dir645-schema_info645] PASSED [ 23%]
tests/test_data_integrity.py::test_csv_file_exists[lamah-604-root_dir646-schema_info646] PASSED [ 23%]
tests/test_data_integrity.py::test_csv_file_exists[lamah-605-root_dir647-schema_info647] PASSED [ 23%]
tests/test_data_integrity.py::test_csv_file_exists[lamah-606-root_dir648-schema_info648] PASSED [ 23%]
tests/test_data_integrity.py::test_csv_file_exists[lamah-607-root_dir649-schema_info649] PASSED [ 23%]
tests/test_data_integrity.py::test_csv_file_exists[lamah-608-root_dir650-schema_info650] PASSED [ 23%]
tests/test_data_integrity.py::test_csv_file_exists[lamah-609-root_dir651-schema_info651] PASSED [ 23%]
tests/test_data_integrity.py::test_csv_file_exists[lamah-610-root_dir652-schema_info652] PASSED [ 23%]
tests/test_data_integrity.py::test_csv_file_exists[lamah-611-root_dir653-schema_info653] PASSED [ 23%]
tests/test_data_integrity.py::test_csv_file_exists[lamah-612-root_dir654-schema_info654] PASSED [ 23%]
tests/test_data_integrity.py::test_csv_file_exists[lamah-613-root_dir655-schema_info655] PASSED [ 23%]
tests/test_data_integrity.py::test_csv_file_exists[lamah-614-root_dir656-schema_info656] PASSED [ 23%]
tests/test_data_integrity.py::test_csv_file_exists[lamah-615-root_dir657-schema_info657] PASSED [ 23%]
tests/test_data_integrity.py::test_csv_file_exists[lamah-616-root_dir658-schema_info658] PASSED [ 24%]
tests/test_data_integrity.py::test_csv_file_exists[lamah-617-root_dir659-schema_info659] PASSED [ 24%]
tests/test_data_integrity.py::test_csv_file_exists[lamah-618-root_dir660-schema_info660] PASSED [ 24%]
tests/test_data_integrity.py::test_csv_file_exists[lamah-619-root_dir661-schema_info661] PASSED [ 24%]
tests/test_data_integrity.py::test_csv_file_exists[lamah-620-root_dir662-schema_info662] PASSED [ 24%]
tests/test_data_integrity.py::test_csv_file_exists[lamah-621-root_dir663-schema_info663] PASSED [ 24%]
tests/test_data_integrity.py::test_csv_file_exists[lamah-622-root_dir664-schema_info664] PASSED [ 24%]
tests/test_data_integrity.py::test_csv_file_exists[lamah-623-root_dir665-schema_info665] PASSED [ 24%]
tests/test_data_integrity.py::test_csv_file_exists[lamah-624-root_dir666-schema_info666] PASSED [ 24%]
tests/test_data_integrity.py::test_csv_file_exists[lamah-625-root_dir667-schema_info667] PASSED [ 24%]
tests/test_data_integrity.py::test_csv_file_exists[lamah-626-root_dir668-schema_info668] PASSED [ 24%]
tests/test_data_integrity.py::test_csv_file_exists[lamah-627-root_dir669-schema_info669] PASSED [ 24%]
tests/test_data_integrity.py::test_csv_file_exists[lamah-628-root_dir670-schema_info670] PASSED [ 24%]
tests/test_data_integrity.py::test_csv_file_exists[lamah-629-root_dir671-schema_info671] PASSED [ 24%]
tests/test_data_integrity.py::test_csv_file_exists[lamah-630-root_dir672-schema_info672] PASSED [ 24%]
tests/test_data_integrity.py::test_csv_file_exists[lamah-631-root_dir673-schema_info673] PASSED [ 24%]
tests/test_data_integrity.py::test_csv_file_exists[lamah-632-root_dir674-schema_info674] PASSED [ 24%]
tests/test_data_integrity.py::test_csv_file_exists[lamah-633-root_dir675-schema_info675] PASSED [ 24%]
tests/test_data_integrity.py::test_csv_file_exists[lamah-634-root_dir676-schema_info676] PASSED [ 24%]
tests/test_data_integrity.py::test_csv_file_exists[lamah-635-root_dir677-schema_info677] PASSED [ 24%]
tests/test_data_integrity.py::test_csv_file_exists[lamah-636-root_dir678-schema_info678] PASSED [ 24%]
tests/test_data_integrity.py::test_csv_file_exists[lamah-637-root_dir679-schema_info679] PASSED [ 24%]
tests/test_data_integrity.py::test_csv_file_exists[lamah-638-root_dir680-schema_info680] PASSED [ 24%]
tests/test_data_integrity.py::test_csv_file_exists[lamah-639-root_dir681-schema_info681] PASSED [ 24%]
tests/test_data_integrity.py::test_csv_file_exists[lamah-640-root_dir682-schema_info682] PASSED [ 24%]
tests/test_data_integrity.py::test_csv_file_exists[lamah-641-root_dir683-schema_info683] PASSED [ 24%]
tests/test_data_integrity.py::test_csv_file_exists[lamah-642-root_dir684-schema_info684] PASSED [ 24%]
tests/test_data_integrity.py::test_csv_file_exists[lamah-643-root_dir685-schema_info685] PASSED [ 24%]
tests/test_data_integrity.py::test_csv_file_exists[lamah-644-root_dir686-schema_info686] PASSED [ 25%]
tests/test_data_integrity.py::test_csv_file_exists[lamah-645-root_dir687-schema_info687] PASSED [ 25%]
tests/test_data_integrity.py::test_csv_file_exists[lamah-646-root_dir688-schema_info688] PASSED [ 25%]
tests/test_data_integrity.py::test_csv_file_exists[lamah-647-root_dir689-schema_info689] PASSED [ 25%]
tests/test_data_integrity.py::test_csv_file_exists[lamah-648-root_dir690-schema_info690] PASSED [ 25%]
tests/test_data_integrity.py::test_csv_file_exists[lamah-649-root_dir691-schema_info691] PASSED [ 25%]
tests/test_data_integrity.py::test_csv_file_exists[lamah-650-root_dir692-schema_info692] PASSED [ 25%]
tests/test_data_integrity.py::test_csv_file_exists[lamah-651-root_dir693-schema_info693] PASSED [ 25%]
tests/test_data_integrity.py::test_csv_file_exists[lamah-652-root_dir694-schema_info694] PASSED [ 25%]
tests/test_data_integrity.py::test_csv_file_exists[lamah-653-root_dir695-schema_info695] PASSED [ 25%]
tests/test_data_integrity.py::test_csv_file_exists[lamah-654-root_dir696-schema_info696] PASSED [ 25%]
tests/test_data_integrity.py::test_csv_file_exists[lamah-655-root_dir697-schema_info697] PASSED [ 25%]
tests/test_data_integrity.py::test_csv_file_exists[lamah-656-root_dir698-schema_info698] PASSED [ 25%]
tests/test_data_integrity.py::test_csv_file_exists[lamah-657-root_dir699-schema_info699] PASSED [ 25%]
tests/test_data_integrity.py::test_csv_file_exists[lamah-658-root_dir700-schema_info700] PASSED [ 25%]
tests/test_data_integrity.py::test_csv_file_exists[lamah-659-root_dir701-schema_info701] PASSED [ 25%]
tests/test_data_integrity.py::test_csv_file_exists[lamah-661-root_dir702-schema_info702] PASSED [ 25%]
tests/test_data_integrity.py::test_csv_file_exists[lamah-662-root_dir703-schema_info703] PASSED [ 25%]
tests/test_data_integrity.py::test_csv_file_exists[lamah-663-root_dir704-schema_info704] PASSED [ 25%]
tests/test_data_integrity.py::test_csv_file_exists[lamah-664-root_dir705-schema_info705] PASSED [ 25%]
tests/test_data_integrity.py::test_csv_file_exists[lamah-665-root_dir706-schema_info706] PASSED [ 25%]
tests/test_data_integrity.py::test_csv_file_exists[lamah-666-root_dir707-schema_info707] PASSED [ 25%]
tests/test_data_integrity.py::test_csv_file_exists[lamah-667-root_dir708-schema_info708] PASSED [ 25%]
tests/test_data_integrity.py::test_csv_file_exists[lamah-668-root_dir709-schema_info709] PASSED [ 25%]
tests/test_data_integrity.py::test_csv_file_exists[lamah-669-root_dir710-schema_info710] PASSED [ 25%]
tests/test_data_integrity.py::test_csv_file_exists[lamah-670-root_dir711-schema_info711] PASSED [ 25%]
tests/test_data_integrity.py::test_csv_file_exists[lamah-671-root_dir712-schema_info712] PASSED [ 25%]
tests/test_data_integrity.py::test_csv_file_exists[lamah-672-root_dir713-schema_info713] PASSED [ 26%]
tests/test_data_integrity.py::test_csv_file_exists[lamah-673-root_dir714-schema_info714] PASSED [ 26%]
tests/test_data_integrity.py::test_csv_file_exists[lamah-674-root_dir715-schema_info715] PASSED [ 26%]
tests/test_data_integrity.py::test_csv_file_exists[lamah-675-root_dir716-schema_info716] PASSED [ 26%]
tests/test_data_integrity.py::test_csv_file_exists[lamah-676-root_dir717-schema_info717] PASSED [ 26%]
tests/test_data_integrity.py::test_csv_file_exists[lamah-677-root_dir718-schema_info718] PASSED [ 26%]
tests/test_data_integrity.py::test_csv_file_exists[lamah-678-root_dir719-schema_info719] PASSED [ 26%]
tests/test_data_integrity.py::test_csv_file_exists[lamah-679-root_dir720-schema_info720] PASSED [ 26%]
tests/test_data_integrity.py::test_csv_file_exists[lamah-680-root_dir721-schema_info721] PASSED [ 26%]
tests/test_data_integrity.py::test_csv_file_exists[lamah-681-root_dir722-schema_info722] PASSED [ 26%]
tests/test_data_integrity.py::test_csv_file_exists[lamah-682-root_dir723-schema_info723] PASSED [ 26%]
tests/test_data_integrity.py::test_csv_file_exists[lamah-683-root_dir724-schema_info724] PASSED [ 26%]
tests/test_data_integrity.py::test_csv_file_exists[lamah-684-root_dir725-schema_info725] PASSED [ 26%]
tests/test_data_integrity.py::test_csv_file_exists[lamah-685-root_dir726-schema_info726] PASSED [ 26%]
tests/test_data_integrity.py::test_csv_file_exists[lamah-686-root_dir727-schema_info727] PASSED [ 26%]
tests/test_data_integrity.py::test_csv_file_exists[lamah-687-root_dir728-schema_info728] PASSED [ 26%]
tests/test_data_integrity.py::test_csv_file_exists[lamah-688-root_dir729-schema_info729] PASSED [ 26%]
tests/test_data_integrity.py::test_csv_file_exists[lamah-689-root_dir730-schema_info730] PASSED [ 26%]
tests/test_data_integrity.py::test_csv_file_exists[lamah-690-root_dir731-schema_info731] PASSED [ 26%]
tests/test_data_integrity.py::test_csv_file_exists[lamah-691-root_dir732-schema_info732] PASSED [ 26%]
tests/test_data_integrity.py::test_csv_file_exists[lamah-692-root_dir733-schema_info733] PASSED [ 26%]
tests/test_data_integrity.py::test_csv_file_exists[lamah-693-root_dir734-schema_info734] PASSED [ 26%]
tests/test_data_integrity.py::test_csv_file_exists[lamah-694-root_dir735-schema_info735] PASSED [ 26%]
tests/test_data_integrity.py::test_csv_file_exists[lamah-695-root_dir736-schema_info736] PASSED [ 26%]
tests/test_data_integrity.py::test_csv_file_exists[lamah-696-root_dir737-schema_info737] PASSED [ 26%]
tests/test_data_integrity.py::test_csv_file_exists[lamah-697-root_dir738-schema_info738] PASSED [ 26%]
tests/test_data_integrity.py::test_csv_file_exists[lamah-698-root_dir739-schema_info739] PASSED [ 26%]
tests/test_data_integrity.py::test_csv_file_exists[lamah-699-root_dir740-schema_info740] PASSED [ 26%]
tests/test_data_integrity.py::test_csv_file_exists[lamah-700-root_dir741-schema_info741] PASSED [ 27%]
tests/test_data_integrity.py::test_csv_file_exists[lamah-701-root_dir742-schema_info742] PASSED [ 27%]
tests/test_data_integrity.py::test_csv_file_exists[lamah-702-root_dir743-schema_info743] PASSED [ 27%]
tests/test_data_integrity.py::test_csv_file_exists[lamah-703-root_dir744-schema_info744] PASSED [ 27%]
tests/test_data_integrity.py::test_csv_file_exists[lamah-704-root_dir745-schema_info745] PASSED [ 27%]
tests/test_data_integrity.py::test_csv_file_exists[lamah-705-root_dir746-schema_info746] PASSED [ 27%]
tests/test_data_integrity.py::test_csv_file_exists[lamah-706-root_dir747-schema_info747] PASSED [ 27%]
tests/test_data_integrity.py::test_csv_file_exists[lamah-707-root_dir748-schema_info748] PASSED [ 27%]
tests/test_data_integrity.py::test_csv_file_exists[lamah-708-root_dir749-schema_info749] PASSED [ 27%]
tests/test_data_integrity.py::test_csv_file_exists[lamah-709-root_dir750-schema_info750] PASSED [ 27%]
tests/test_data_integrity.py::test_csv_file_exists[lamah-710-root_dir751-schema_info751] PASSED [ 27%]
tests/test_data_integrity.py::test_csv_file_exists[lamah-711-root_dir752-schema_info752] PASSED [ 27%]
tests/test_data_integrity.py::test_csv_file_exists[lamah-712-root_dir753-schema_info753] PASSED [ 27%]
tests/test_data_integrity.py::test_csv_file_exists[lamah-713-root_dir754-schema_info754] PASSED [ 27%]
tests/test_data_integrity.py::test_csv_file_exists[lamah-714-root_dir755-schema_info755] PASSED [ 27%]
tests/test_data_integrity.py::test_csv_file_exists[lamah-715-root_dir756-schema_info756] PASSED [ 27%]
tests/test_data_integrity.py::test_csv_file_exists[lamah-716-root_dir757-schema_info757] PASSED [ 27%]
tests/test_data_integrity.py::test_csv_file_exists[lamah-717-root_dir758-schema_info758] PASSED [ 27%]
tests/test_data_integrity.py::test_csv_file_exists[lamah-718-root_dir759-schema_info759] PASSED [ 27%]
tests/test_data_integrity.py::test_csv_file_exists[lamah-719-root_dir760-schema_info760] PASSED [ 27%]
tests/test_data_integrity.py::test_csv_file_exists[lamah-720-root_dir761-schema_info761] PASSED [ 27%]
tests/test_data_integrity.py::test_csv_file_exists[lamah-721-root_dir762-schema_info762] PASSED [ 27%]
tests/test_data_integrity.py::test_csv_file_exists[lamah-722-root_dir763-schema_info763] PASSED [ 27%]
[...]
tests/test_data_integrity.py::test_schema_feature_alignment[lamah-716-root_dir757-schema_info757] PASSED [ 93%]
tests/test_data_integrity.py::test_schema_feature_alignment[lamah-717-root_dir758-schema_info758] PASSED [ 93%]
tests/test_data_integrity.py::test_schema_feature_alignment[lamah-718-root_dir759-schema_info759] PASSED [ 93%]
tests/test_data_integrity.py::test_schema_feature_alignment[lamah-719-root_dir760-schema_info760] PASSED [ 94%]
tests/test_data_integrity.py::test_schema_feature_alignment[lamah-720-root_dir761-schema_info761] PASSED [ 94%]
tests/test_data_integrity.py::test_schema_feature_alignment[lamah-721-root_dir762-schema_info762] PASSED [ 94%]
tests/test_data_integrity.py::test_schema_feature_alignment[lamah-722-root_dir763-schema_info763] PASSED [ 94%]
tests/test_data_integrity.py::test_schema_feature_alignment[lamah-723-root_dir764-schema_info764] PASSED [ 94%]
tests/test_data_integrity.py::test_schema_feature_alignment[lamah-724-root_dir765-schema_info765] PASSED [ 94%]
tests/test_data_integrity.py::test_schema_feature_alignment[lamah-725-root_dir766-schema_info766] PASSED [ 94%]
tests/test_data_integrity.py::test_schema_feature_alignment[lamah-726-root_dir767-schema_info767] PASSED [ 94%]
tests/test_data_integrity.py::test_schema_feature_alignment[lamah-728-root_dir768-schema_info768] PASSED [ 94%]
tests/test_data_integrity.py::test_schema_feature_alignment[lamah-729-root_dir769-schema_info769] PASSED [ 94%]
tests/test_data_integrity.py::test_schema_feature_alignment[lamah-730-root_dir770-schema_info770] PASSED [ 94%]
tests/test_data_integrity.py::test_schema_feature_alignment[lamah-731-root_dir771-schema_info771] PASSED [ 94%]
tests/test_data_integrity.py::test_schema_feature_alignment[lamah-732-root_dir772-schema_info772] PASSED [ 94%]
tests/test_data_integrity.py::test_schema_feature_alignment[lamah-733-root_dir773-schema_info773] PASSED [ 94%]
tests/test_data_integrity.py::test_schema_feature_alignment[lamah-734-root_dir774-schema_info774] PASSED [ 94%]
tests/test_data_integrity.py::test_schema_feature_alignment[lamah-735-root_dir775-schema_info775] PASSED [ 94%]
tests/test_data_integrity.py::test_schema_feature_alignment[lamah-736-root_dir776-schema_info776] PASSED [ 94%]
tests/test_data_integrity.py::test_schema_feature_alignment[lamah-737-root_dir777-schema_info777] PASSED [ 94%]
tests/test_data_integrity.py::test_schema_feature_alignment[lamah-738-root_dir778-schema_info778] PASSED [ 94%]
tests/test_data_integrity.py::test_schema_feature_alignment[lamah-739-root_dir779-schema_info779] PASSED [ 94%]
tests/test_data_integrity.py::test_schema_feature_alignment[lamah-740-root_dir780-schema_info780] PASSED [ 94%]
tests/test_data_integrity.py::test_schema_feature_alignment[lamah-741-root_dir781-schema_info781] PASSED [ 94%]
tests/test_data_integrity.py::test_schema_feature_alignment[lamah-742-root_dir782-schema_info782] PASSED [ 94%]
tests/test_data_integrity.py::test_schema_feature_alignment[lamah-743-root_dir783-schema_info783] PASSED [ 94%]
tests/test_data_integrity.py::test_schema_feature_alignment[lamah-744-root_dir784-schema_info784] PASSED [ 94%]
tests/test_data_integrity.py::test_schema_feature_alignment[lamah-746-root_dir785-schema_info785] PASSED [ 94%]
tests/test_data_integrity.py::test_schema_feature_alignment[lamah-747-root_dir786-schema_info786] PASSED [ 94%]
tests/test_data_integrity.py::test_schema_feature_alignment[lamah-748-root_dir787-schema_info787] PASSED [ 94%]
tests/test_data_integrity.py::test_schema_feature_alignment[lamah-749-root_dir788-schema_info788] PASSED [ 95%]
tests/test_data_integrity.py::test_schema_feature_alignment[lamah-750-root_dir789-schema_info789] PASSED [ 95%]
tests/test_data_integrity.py::test_schema_feature_alignment[lamah-751-root_dir790-schema_info790] PASSED [ 95%]
tests/test_data_integrity.py::test_schema_feature_alignment[lamah-752-root_dir791-schema_info791] PASSED [ 95%]
tests/test_data_integrity.py::test_schema_feature_alignment[lamah-753-root_dir792-schema_info792] PASSED [ 95%]
tests/test_data_integrity.py::test_schema_feature_alignment[lamah-754-root_dir793-schema_info793] PASSED [ 95%]
tests/test_data_integrity.py::test_schema_feature_alignment[lamah-755-root_dir794-schema_info794] PASSED [ 95%]
tests/test_data_integrity.py::test_schema_feature_alignment[lamah-756-root_dir795-schema_info795] PASSED [ 95%]
tests/test_data_integrity.py::test_schema_feature_alignment[lamah-757-root_dir796-schema_info796] PASSED [ 95%]
tests/test_data_integrity.py::test_schema_feature_alignment[lamah-758-root_dir797-schema_info797] PASSED [ 95%]
tests/test_data_integrity.py::test_schema_feature_alignment[lamah-759-root_dir798-schema_info798] PASSED [ 95%]
tests/test_data_integrity.py::test_schema_feature_alignment[lamah-760-root_dir799-schema_info799] PASSED [ 95%]
tests/test_data_integrity.py::test_schema_feature_alignment[lamah-761-root_dir800-schema_info800] PASSED [ 95%]
tests/test_data_integrity.py::test_schema_feature_alignment[lamah-762-root_dir801-schema_info801] PASSED [ 95%]
tests/test_data_integrity.py::test_schema_feature_alignment[lamah-763-root_dir802-schema_info802] PASSED [ 95%]
tests/test_data_integrity.py::test_schema_feature_alignment[lamah-764-root_dir803-schema_info803] PASSED [ 95%]
tests/test_data_integrity.py::test_schema_feature_alignment[lamah-766-root_dir804-schema_info804] PASSED [ 95%]
tests/test_data_integrity.py::test_schema_feature_alignment[lamah-767-root_dir805-schema_info805] PASSED [ 95%]
tests/test_data_integrity.py::test_schema_feature_alignment[lamah-768-root_dir806-schema_info806] PASSED [ 95%]
tests/test_data_integrity.py::test_schema_feature_alignment[lamah-769-root_dir807-schema_info807] PASSED [ 95%]
tests/test_data_integrity.py::test_schema_feature_alignment[lamah-770-root_dir808-schema_info808] PASSED [ 95%]
tests/test_data_integrity.py::test_schema_feature_alignment[lamah-771-root_dir809-schema_info809] PASSED [ 95%]
tests/test_data_integrity.py::test_schema_feature_alignment[lamah-772-root_dir810-schema_info810] PASSED [ 95%]
tests/test_data_integrity.py::test_schema_feature_alignment[lamah-773-root_dir811-schema_info811] PASSED [ 95%]
tests/test_data_integrity.py::test_schema_feature_alignment[lamah-774-root_dir812-schema_info812] PASSED [ 95%]
tests/test_data_integrity.py::test_schema_feature_alignment[lamah-776-root_dir813-schema_info813] PASSED [ 95%]
tests/test_data_integrity.py::test_schema_feature_alignment[lamah-777-root_dir814-schema_info814] PASSED [ 95%]
tests/test_data_integrity.py::test_schema_feature_alignment[lamah-778-root_dir815-schema_info815] PASSED [ 95%]
tests/test_data_integrity.py::test_schema_feature_alignment[lamah-779-root_dir816-schema_info816] PASSED [ 96%]
tests/test_data_integrity.py::test_schema_feature_alignment[lamah-780-root_dir817-schema_info817] PASSED [ 96%]
tests/test_data_integrity.py::test_schema_feature_alignment[lamah-782-root_dir818-schema_info818] PASSED [ 96%]
tests/test_data_integrity.py::test_schema_feature_alignment[lamah-783-root_dir819-schema_info819] PASSED [ 96%]
tests/test_data_integrity.py::test_schema_feature_alignment[lamah-784-root_dir820-schema_info820] PASSED [ 96%]
tests/test_data_integrity.py::test_schema_feature_alignment[lamah-785-root_dir821-schema_info821] PASSED [ 96%]
tests/test_data_integrity.py::test_schema_feature_alignment[lamah-786-root_dir822-schema_info822] PASSED [ 96%]
tests/test_data_integrity.py::test_schema_feature_alignment[lamah-787-root_dir823-schema_info823] PASSED [ 96%]
tests/test_data_integrity.py::test_schema_feature_alignment[lamah-788-root_dir824-schema_info824] PASSED [ 96%]
tests/test_data_integrity.py::test_schema_feature_alignment[lamah-789-root_dir825-schema_info825] PASSED [ 96%]
tests/test_data_integrity.py::test_schema_feature_alignment[lamah-790-root_dir826-schema_info826] PASSED [ 96%]
tests/test_data_integrity.py::test_schema_feature_alignment[lamah-791-root_dir827-schema_info827] PASSED [ 96%]
tests/test_data_integrity.py::test_schema_feature_alignment[lamah-792-root_dir828-schema_info828] PASSED [ 96%]
tests/test_data_integrity.py::test_schema_feature_alignment[lamah-793-root_dir829-schema_info829] PASSED [ 96%]
tests/test_data_integrity.py::test_schema_feature_alignment[lamah-795-root_dir830-schema_info830] PASSED [ 96%]
tests/test_data_integrity.py::test_schema_feature_alignment[lamah-796-root_dir831-schema_info831] PASSED [ 96%]
tests/test_data_integrity.py::test_schema_feature_alignment[lamah-797-root_dir832-schema_info832] PASSED [ 96%]
tests/test_data_integrity.py::test_schema_feature_alignment[lamah-798-root_dir833-schema_info833] PASSED [ 96%]
tests/test_data_integrity.py::test_schema_feature_alignment[lamah-799-root_dir834-schema_info834] PASSED [ 96%]
tests/test_data_integrity.py::test_schema_feature_alignment[lamah-800-root_dir835-schema_info835] PASSED [ 96%]
tests/test_data_integrity.py::test_schema_feature_alignment[lamah-801-root_dir836-schema_info836] PASSED [ 96%]
tests/test_data_integrity.py::test_schema_feature_alignment[lamah-802-root_dir837-schema_info837] PASSED [ 96%]
tests/test_data_integrity.py::test_schema_feature_alignment[lamah-803-root_dir838-schema_info838] PASSED [ 96%]
tests/test_data_integrity.py::test_schema_feature_alignment[lamah-804-root_dir839-schema_info839] PASSED [ 96%]
tests/test_data_integrity.py::test_schema_feature_alignment[lamah-805-root_dir840-schema_info840] PASSED [ 96%]
tests/test_data_integrity.py::test_schema_feature_alignment[lamah-806-root_dir841-schema_info841] PASSED [ 96%]
tests/test_data_integrity.py::test_schema_feature_alignment[lamah-807-root_dir842-schema_info842] PASSED [ 96%]
tests/test_data_integrity.py::test_schema_feature_alignment[lamah-808-root_dir843-schema_info843] PASSED [ 97%]
tests/test_data_integrity.py::test_schema_feature_alignment[lamah-809-root_dir844-schema_info844] PASSED [ 97%]
tests/test_data_integrity.py::test_schema_feature_alignment[lamah-810-root_dir845-schema_info845] PASSED [ 97%]
tests/test_data_integrity.py::test_schema_feature_alignment[lamah-811-root_dir846-schema_info846] PASSED [ 97%]
tests/test_data_integrity.py::test_schema_feature_alignment[lamah-812-root_dir847-schema_info847] PASSED [ 97%]
tests/test_data_integrity.py::test_schema_feature_alignment[lamah-813-root_dir848-schema_info848] PASSED [ 97%]
tests/test_data_integrity.py::test_schema_feature_alignment[lamah-814-root_dir849-schema_info849] PASSED [ 97%]
tests/test_data_integrity.py::test_schema_feature_alignment[lamah-815-root_dir850-schema_info850] PASSED [ 97%]
tests/test_data_integrity.py::test_schema_feature_alignment[lamah-816-root_dir851-schema_info851] PASSED [ 97%]
tests/test_data_integrity.py::test_schema_feature_alignment[lamah-817-root_dir852-schema_info852] PASSED [ 97%]
tests/test_data_integrity.py::test_schema_feature_alignment[lamah-818-root_dir853-schema_info853] PASSED [ 97%]
tests/test_data_integrity.py::test_schema_feature_alignment[lamah-819-root_dir854-schema_info854] PASSED [ 97%]
tests/test_data_integrity.py::test_schema_feature_alignment[lamah-820-root_dir855-schema_info855] PASSED [ 97%]
tests/test_data_integrity.py::test_schema_feature_alignment[lamah-821-root_dir856-schema_info856] PASSED [ 97%]
tests/test_data_integrity.py::test_schema_feature_alignment[lamah-822-root_dir857-schema_info857] PASSED [ 97%]
tests/test_data_integrity.py::test_schema_feature_alignment[lamah-823-root_dir858-schema_info858] PASSED [ 97%]
tests/test_data_integrity.py::test_schema_feature_alignment[lamah-824-root_dir859-schema_info859] PASSED [ 97%]
tests/test_data_integrity.py::test_schema_feature_alignment[lamah-825-root_dir860-schema_info860] PASSED [ 97%]
tests/test_data_integrity.py::test_schema_feature_alignment[lamah-826-root_dir861-schema_info861] PASSED [ 97%]
tests/test_data_integrity.py::test_schema_feature_alignment[lamah-827-root_dir862-schema_info862] PASSED [ 97%]
tests/test_data_integrity.py::test_schema_feature_alignment[lamah-828-root_dir863-schema_info863] PASSED [ 97%]
tests/test_data_integrity.py::test_schema_feature_alignment[lamah-829-root_dir864-schema_info864] PASSED [ 97%]
tests/test_data_integrity.py::test_schema_feature_alignment[lamah-830-root_dir865-schema_info865] PASSED [ 97%]
tests/test_data_integrity.py::test_schema_feature_alignment[lamah-831-root_dir866-schema_info866] PASSED [ 97%]
tests/test_data_integrity.py::test_schema_feature_alignment[lamah-832-root_dir867-schema_info867] PASSED [ 97%]
tests/test_data_integrity.py::test_schema_feature_alignment[lamah-833-root_dir868-schema_info868] PASSED [ 97%]
tests/test_data_integrity.py::test_schema_feature_alignment[lamah-834-root_dir869-schema_info869] PASSED [ 97%]
tests/test_data_integrity.py::test_schema_feature_alignment[lamah-835-root_dir870-schema_info870] PASSED [ 97%]
tests/test_data_integrity.py::test_schema_feature_alignment[lamah-836-root_dir871-schema_info871] PASSED [ 98%]
tests/test_data_integrity.py::test_schema_feature_alignment[lamah-837-root_dir872-schema_info872] PASSED [ 98%]
tests/test_data_integrity.py::test_schema_feature_alignment[lamah-838-root_dir873-schema_info873] PASSED [ 98%]
tests/test_data_integrity.py::test_schema_feature_alignment[lamah-839-root_dir874-schema_info874] PASSED [ 98%]
tests/test_data_integrity.py::test_schema_feature_alignment[lamah-840-root_dir875-schema_info875] PASSED [ 98%]
tests/test_data_integrity.py::test_schema_feature_alignment[lamah-841-root_dir876-schema_info876] PASSED [ 98%]
tests/test_data_integrity.py::test_schema_feature_alignment[lamah-842-root_dir877-schema_info877] PASSED [ 98%]
tests/test_data_integrity.py::test_schema_feature_alignment[lamah-843-root_dir878-schema_info878] PASSED [ 98%]
tests/test_data_integrity.py::test_schema_feature_alignment[lamah-844-root_dir879-schema_info879] PASSED [ 98%]
tests/test_data_integrity.py::test_schema_feature_alignment[lamah-845-root_dir880-schema_info880] PASSED [ 98%]
tests/test_data_integrity.py::test_schema_feature_alignment[lamah-846-root_dir881-schema_info881] PASSED [ 98%]
tests/test_data_integrity.py::test_schema_feature_alignment[lamah-847-root_dir882-schema_info882] PASSED [ 98%]
tests/test_data_integrity.py::test_schema_feature_alignment[lamah-848-root_dir883-schema_info883] PASSED [ 98%]
tests/test_data_integrity.py::test_schema_feature_alignment[lamah-849-root_dir884-schema_info884] PASSED [ 98%]
tests/test_data_integrity.py::test_schema_feature_alignment[lamah-850-root_dir885-schema_info885] PASSED [ 98%]
tests/test_data_integrity.py::test_schema_feature_alignment[lamah-851-root_dir886-schema_info886] PASSED [ 98%]
tests/test_data_integrity.py::test_schema_feature_alignment[lamah-852-root_dir887-schema_info887] PASSED [ 98%]
tests/test_data_integrity.py::test_schema_feature_alignment[lamah-853-root_dir888-schema_info888] PASSED [ 98%]
tests/test_data_integrity.py::test_schema_feature_alignment[lamah-854-root_dir889-schema_info889] PASSED [ 98%]
tests/test_data_integrity.py::test_schema_feature_alignment[lamah-855-root_dir890-schema_info890] PASSED [ 98%]
tests/test_data_integrity.py::test_schema_feature_alignment[lamah-856-root_dir891-schema_info891] PASSED [ 98%]
tests/test_data_integrity.py::test_schema_feature_alignment[lamah-857-root_dir892-schema_info892] PASSED [ 98%]
tests/test_data_integrity.py::test_schema_feature_alignment[lamah-858-root_dir893-schema_info893] PASSED [ 98%]
tests/test_data_integrity.py::test_schema_feature_alignment[lamah-859-root_dir894-schema_info894] PASSED [ 98%]
tests/test_data_integrity.py::test_schema_feature_alignment[lamah-860-root_dir895-schema_info895] PASSED [ 98%]
tests/test_data_integrity.py::test_schema_feature_alignment[lamah-861-root_dir896-schema_info896] PASSED [ 98%]
tests/test_data_integrity.py::test_schema_feature_alignment[lamah-862-root_dir897-schema_info897] PASSED [ 98%]
tests/test_data_integrity.py::test_schema_feature_alignment[lamah-863-root_dir898-schema_info898] PASSED [ 98%]
tests/test_data_integrity.py::test_schema_feature_alignment[lamah-864-root_dir899-schema_info899] PASSED [ 99%]
tests/test_data_integrity.py::test_schema_feature_alignment[lamah-865-root_dir900-schema_info900] PASSED [ 99%]
tests/test_data_integrity.py::test_schema_feature_alignment[lamah-866-root_dir901-schema_info901] PASSED [ 99%]
tests/test_data_integrity.py::test_schema_feature_alignment[lamah-867-root_dir902-schema_info902] PASSED [ 99%]
tests/test_data_integrity.py::test_schema_feature_alignment[lamah-868-root_dir903-schema_info903] PASSED [ 99%]
tests/test_data_integrity.py::test_schema_feature_alignment[lamah-869-root_dir904-schema_info904] PASSED [ 99%]
tests/test_data_integrity.py::test_schema_feature_alignment[lamah-870-root_dir905-schema_info905] PASSED [ 99%]
tests/test_data_integrity.py::test_schema_feature_alignment[lamah-871-root_dir906-schema_info906] PASSED [ 99%]
tests/test_data_integrity.py::test_schema_feature_alignment[lamah-872-root_dir907-schema_info907] PASSED [ 99%]
tests/test_data_integrity.py::test_schema_feature_alignment[lamah-873-root_dir908-schema_info908] PASSED [ 99%]
tests/test_data_integrity.py::test_schema_feature_alignment[lamah-874-root_dir909-schema_info909] PASSED [ 99%]
tests/test_data_integrity.py::test_schema_feature_alignment[lamah-875-root_dir910-schema_info910] PASSED [ 99%]
tests/test_data_integrity.py::test_schema_feature_alignment[lamah-876-root_dir911-schema_info911] PASSED [ 99%]
tests/test_data_integrity.py::test_schema_feature_alignment[lamah-877-root_dir912-schema_info912] PASSED [ 99%]
tests/test_data_integrity.py::test_schema_feature_alignment[lamah-878-root_dir913-schema_info913] PASSED [ 99%]
tests/test_data_integrity.py::test_schema_feature_alignment[lamah-879-root_dir914-schema_info914] PASSED [ 99%]
tests/test_data_integrity.py::test_schema_feature_alignment[lamah-880-root_dir915-schema_info915] PASSED [ 99%]
tests/test_data_integrity.py::test_schema_feature_alignment[lamah-881-root_dir916-schema_info916] PASSED [ 99%]
tests/test_data_integrity.py::test_schema_feature_alignment[lamah-882-root_dir917-schema_info917] PASSED [ 99%]
tests/test_data_integrity.py::test_bootstrap_matches_data PASSED         [ 99%]
tests/test_network_service_analysis.py::NetworkAnalysisTests::test_network_analysis_falls_back_when_ai_fails PASSED [ 99%]
tests/test_network_service_analysis.py::NetworkAnalysisTests::test_network_analysis_returns_markdown_html PASSED [ 99%]
tests/test_prediction_service_diagnostics.py::TestPredictionDiagnostics::test_diagnostics_use_trained_model_fit_when_available PASSED [ 99%]
tests/test_quality_service_analysis.py::TestQualityAnalysis::test_completeness_fallback_returns_html PASSED [ 99%]
tests/test_risk_service.py::RiskServiceTests::test_compute_risk_map_seasonal_mode_uses_calendar_month_without_index_mode_error PASSED [ 99%]
tests/test_scenario_service.py::TestScenarioService::test_compute_sensitivity_detects_lagged_driver_response PASSED [ 99%]
tests/test_scenario_service.py::TestScenarioService::test_run_scenario_rejects_weak_relationship PASSED [ 99%]
tests/test_scenario_service.py::TestScenarioService::test_simulate_scenario_response_propagates_month_varying_impacts PASSED [100%]

=============================== warnings summary ===============================
tests/test_prediction_service_diagnostics.py::TestPredictionDiagnostics::test_diagnostics_use_trained_model_fit_when_available
  /Users/phudoan/Downloads/hydrovision_mekong_pro/hydrovision/lib/python3.12/site-packages/statsmodels/tsa/stattools.py:702: RuntimeWarning:
  
  invalid value encountered in divide

tests/test_prediction_service_diagnostics.py::TestPredictionDiagnostics::test_diagnostics_use_trained_model_fit_when_available
  /Users/phudoan/Downloads/hydrovision_mekong_pro/hydrovision/lib/python3.12/site-packages/statsmodels/regression/linear_model.py:1490: ValueWarning:
  
  Matrix is singular. Using pinv.

-- Docs: https://docs.pytest.org/en/stable/how-to/capture-warnings.html
====================== 2769 passed, 2 warnings in 16.00s =======================
